[2022-12-03 10:29:19,658]   INFO - tbrains.buildServer.ACTIVITIES - Server Started
[2022-12-03 10:33:09,224]   INFO - s.buildServer.ACTIVITIES.AUDIT - agent_authorize: Agent ""Agent 1-2" {id=1}" was authorized by "special user '' (Super user) {id=-42}"
[2022-12-03 10:33:13,179]   INFO - s.buildServer.ACTIVITIES.AUDIT - agent_authorize: Agent ""Agent 2-1" {id=2}" was authorized by "special user '' (Super user) {id=-42}"
[2022-12-03 10:38:56,835]   INFO - tbrains.buildServer.ACTIVITIES - Spring components shutdown start...
[2022-12-03 10:38:58,002]   INFO - tbrains.buildServer.ACTIVITIES - Spring components shutdown finished in 1s,166ms
[2022-12-03 11:12:56,189]   INFO - tbrains.buildServer.ACTIVITIES - Server Started
[2022-12-03 11:56:39,093]   INFO - s.buildServer.ACTIVITIES.AUDIT - project_create: Project "java_project {id=JavaProject, internal id=project1}" was created by "special user '' (Super user) {id=-42}"
[2022-12-03 11:57:24,852]   INFO - s.buildServer.ACTIVITIES.AUDIT - build_type_create: "java_project / java_build {id=JavaProject_JavaBuild, internal id=bt1}" was created by "special user '' (Super user) {id=-42}"
[2022-12-03 11:58:45,576]   INFO - s.buildServer.ACTIVITIES.AUDIT - build_type_edit_settings: "java_project / java_build {id=JavaProject_JavaBuild, internal id=bt1}" build configuration settings were edited ("version before: 1, version after: 2") by "special user '' (Super user) {id=-42}" with comment "runners of 'java_build' build configuration were updated"
[2022-12-03 11:58:48,786]   INFO - s.buildServer.ACTIVITIES.AUDIT - build_add_to_queue: Build BUILD_PROMOTION{id=1} was added to queue by "special user '' (Super user) {id=-42}"
[2022-12-03 11:58:48,794]   INFO - tbrains.buildServer.ACTIVITIES - Build added to queue; Queued build {Build promotion {promotion id=1, configuration={id=JavaProject_JavaBuild, internal id=bt1}, queued, creatorNodeId="MAIN_SERVER"}, triggered by "special user '' (Super user) {id=-42}" (##userId='-42' type='user')}
[2022-12-03 11:58:48,996]   INFO - tbrains.buildServer.ACTIVITIES - Build started; java_project / java_build {id=JavaProject_JavaBuild, internal id=bt1} #1 {promotion id=1, agent="Agent 1-2" {id=1}, triggered by "special user '' (Super user) {id=-42}" (##userId='-42' type='user'). Started 2022-12-03 11:58:48.914, running}
[2022-12-03 11:58:56,778]   INFO - tbrains.buildServer.ACTIVITIES - Finished build java_project / java_build {id=JavaProject_JavaBuild, internal id=bt1} #1 {promotion id=1, agent="Agent 1-2" {id=1}, triggered by "special user '' (Super user) {id=-42}" (##userId='-42' type='user'). Started 2022-12-03 11:58:49.306, finished. Status "NORMAL 'Running'"}
[2022-12-03 12:02:38,766]   INFO - s.buildServer.ACTIVITIES.AUDIT - vcs_root_create: VCS root ""https://github.com/fred-13/Kubernetes_practice.git" {internal id=1, id=JavaProject_HttpsGithubComFred13KubernetesPracticeGit, description: "null#master"}" was created by "special user '' (Super user) {id=-42}" with comment "In project: java_project"
[2022-12-03 12:02:38,785]   INFO - s.buildServer.ACTIVITIES.AUDIT - build_type_edit_settings: "java_project / java_build {id=JavaProject_JavaBuild, internal id=bt1}" build configuration settings were edited ("version before: 2, version after: 3") by "special user '' (Super user) {id=-42}" with comment "'https://github.com/fred-13/Kubernetes_practice.git' VCS root was created"
[2022-12-03 12:04:22,701]   INFO - s.buildServer.ACTIVITIES.AUDIT - build_type_edit_settings: "java_project / java_build {id=JavaProject_JavaBuild, internal id=bt1}" build configuration settings were edited ("version before: 3, version after: 4") by "special user '' (Super user) {id=-42}" with comment "runners of 'java_build' build configuration were updated"
[2022-12-03 12:04:25,619]   INFO - s.buildServer.ACTIVITIES.AUDIT - build_add_to_queue: Build BUILD_PROMOTION{id=2} was added to queue by "special user '' (Super user) {id=-42}"
[2022-12-03 12:04:25,636]   INFO - tbrains.buildServer.ACTIVITIES - Build added to queue; Queued build {Build promotion {promotion id=2, configuration={id=JavaProject_JavaBuild, internal id=bt1}, queued, creatorNodeId="MAIN_SERVER"}, triggered by "special user '' (Super user) {id=-42}" (##userId='-42' type='user')}
[2022-12-03 12:04:25,658]   INFO - tbrains.buildServer.ACTIVITIES - Build started; java_project / java_build {id=JavaProject_JavaBuild, internal id=bt1} #2 {promotion id=2, agent="Agent 1-2" {id=1}, triggered by "special user '' (Super user) {id=-42}" (##userId='-42' type='user'). Started 2022-12-03 12:04:25.651, running}
[2022-12-03 12:04:32,200]   INFO - tbrains.buildServer.ACTIVITIES - Finished build java_project / java_build {id=JavaProject_JavaBuild, internal id=bt1} #2 {promotion id=2, agent="Agent 1-2" {id=1}, triggered by "special user '' (Super user) {id=-42}" (##userId='-42' type='user'). Started 2022-12-03 12:04:26.401, finished. Status "NORMAL 'Running'"}
[2022-12-03 12:05:08,753]   INFO - s.buildServer.ACTIVITIES.AUDIT - build_type_edit_settings: "java_project / java_build {id=JavaProject_JavaBuild, internal id=bt1}" build configuration settings were edited ("version before: 4, version after: 5") by "special user '' (Super user) {id=-42}" with comment "runners of 'java_build' build configuration were updated"
[2022-12-03 12:05:12,932]   INFO - s.buildServer.ACTIVITIES.AUDIT - build_add_to_queue: Build BUILD_PROMOTION{id=3} was added to queue by "special user '' (Super user) {id=-42}"
[2022-12-03 12:05:12,937]   INFO - tbrains.buildServer.ACTIVITIES - Build added to queue; Queued build {Build promotion {promotion id=3, configuration={id=JavaProject_JavaBuild, internal id=bt1}, queued, creatorNodeId="MAIN_SERVER"}, triggered by "special user '' (Super user) {id=-42}" (##userId='-42' type='user')}
[2022-12-03 12:05:12,964]   INFO - tbrains.buildServer.ACTIVITIES - Build started; java_project / java_build {id=JavaProject_JavaBuild, internal id=bt1} #3 {promotion id=3, agent="Agent 1-2" {id=1}, triggered by "special user '' (Super user) {id=-42}" (##userId='-42' type='user'). Started 2022-12-03 12:05:12.959, running}
[2022-12-03 12:05:17,482]   INFO - tbrains.buildServer.ACTIVITIES - Finished build java_project / java_build {id=JavaProject_JavaBuild, internal id=bt1} #3 {promotion id=3, agent="Agent 1-2" {id=1}, triggered by "special user '' (Super user) {id=-42}" (##userId='-42' type='user'). Started 2022-12-03 12:05:13.476, finished. Status "NORMAL 'Running'"}
[2022-12-03 12:08:43,334]   INFO - s.buildServer.ACTIVITIES.AUDIT - build_type_edit_settings: "java_project / java_build {id=JavaProject_JavaBuild, internal id=bt1}" build configuration settings were edited ("version before: 5, version after: 6") by "special user '' (Super user) {id=-42}" with comment "runners of 'java_build' build configuration were updated"
[2022-12-03 12:08:53,313]   INFO - s.buildServer.ACTIVITIES.AUDIT - build_add_to_queue: Build BUILD_PROMOTION{id=4} was added to queue by "special user '' (Super user) {id=-42}"
[2022-12-03 12:08:53,317]   INFO - tbrains.buildServer.ACTIVITIES - Build added to queue; Queued build {Build promotion {promotion id=4, configuration={id=JavaProject_JavaBuild, internal id=bt1}, queued, creatorNodeId="MAIN_SERVER"}, triggered by "special user '' (Super user) {id=-42}" (##userId='-42' type='user')}
[2022-12-03 12:08:53,327]   INFO - tbrains.buildServer.ACTIVITIES - Build started; java_project / java_build {id=JavaProject_JavaBuild, internal id=bt1} #4 {promotion id=4, agent="Agent 1-2" {id=1}, triggered by "special user '' (Super user) {id=-42}" (##userId='-42' type='user'). Started 2022-12-03 12:08:53.322, running}
[2022-12-03 12:09:13,169]   INFO - tbrains.buildServer.ACTIVITIES - Finished build java_project / java_build {id=JavaProject_JavaBuild, internal id=bt1} #4 {promotion id=4, agent="Agent 1-2" {id=1}, triggered by "special user '' (Super user) {id=-42}" (##userId='-42' type='user'). Started 2022-12-03 12:08:53.772, finished. Status "NORMAL 'Running'"}
[2022-12-03 12:11:16,027]   INFO - s.buildServer.ACTIVITIES.AUDIT - build_type_edit_settings: "java_project / java_build {id=JavaProject_JavaBuild, internal id=bt1}" build configuration settings were edited ("version before: 6, version after: 7") by "special user '' (Super user) {id=-42}" with comment "runners of 'java_build' build configuration were updated"
[2022-12-03 12:15:28,510]   INFO - s.buildServer.ACTIVITIES.AUDIT - build_add_to_queue: Build BUILD_PROMOTION{id=5} was added to queue by "special user '' (Super user) {id=-42}"
[2022-12-03 12:15:28,517]   INFO - tbrains.buildServer.ACTIVITIES - Build added to queue; Queued build {Build promotion {promotion id=5, configuration={id=JavaProject_JavaBuild, internal id=bt1}, queued, creatorNodeId="MAIN_SERVER"}, triggered by "special user '' (Super user) {id=-42}" (##userId='-42' type='user')}
[2022-12-03 12:15:28,534]   INFO - tbrains.buildServer.ACTIVITIES - Build started; java_project / java_build {id=JavaProject_JavaBuild, internal id=bt1} #5 {promotion id=5, agent="Agent 1-2" {id=1}, triggered by "special user '' (Super user) {id=-42}" (##userId='-42' type='user'). Started 2022-12-03 12:15:28.526, running}
[2022-12-03 12:15:33,554]   INFO - tbrains.buildServer.ACTIVITIES - Finished build java_project / java_build {id=JavaProject_JavaBuild, internal id=bt1} #5 {promotion id=5, agent="Agent 1-2" {id=1}, triggered by "special user '' (Super user) {id=-42}" (##userId='-42' type='user'). Started 2022-12-03 12:15:28.912, finished. Status "FAILURE 'Exit code 1 (Step: Command Line) (new)'"}
[2022-12-03 12:16:20,301]   INFO - s.buildServer.ACTIVITIES.AUDIT - build_type_edit_settings: "java_project / java_build {id=JavaProject_JavaBuild, internal id=bt1}" build configuration settings were edited ("version before: 7, version after: 8") by "special user '' (Super user) {id=-42}" with comment "runners of 'java_build' build configuration were updated"
[2022-12-03 12:18:11,462]   INFO - s.buildServer.ACTIVITIES.AUDIT - build_type_edit_settings: "java_project / java_build {id=JavaProject_JavaBuild, internal id=bt1}" build configuration settings were edited ("version before: 8, version after: 9") by "special user '' (Super user) {id=-42}" with comment "runners of 'java_build' build configuration were updated"
[2022-12-03 12:18:33,940]   INFO - s.buildServer.ACTIVITIES.AUDIT - build_type_edit_settings: "java_project / java_build {id=JavaProject_JavaBuild, internal id=bt1}" build configuration settings were edited ("version before: 9, version after: 10") by "special user '' (Super user) {id=-42}" with comment "runners of 'java_build' build configuration were updated"
[2022-12-03 12:18:49,544]   INFO - s.buildServer.ACTIVITIES.AUDIT - build_type_edit_settings: "java_project / java_build {id=JavaProject_JavaBuild, internal id=bt1}" build configuration settings were edited ("version before: 10, version after: 11") by "special user '' (Super user) {id=-42}" with comment "runners of 'java_build' build configuration were updated"
[2022-12-03 12:18:53,630]   INFO - s.buildServer.ACTIVITIES.AUDIT - build_add_to_queue: Build BUILD_PROMOTION{id=6} was added to queue by "special user '' (Super user) {id=-42}"
[2022-12-03 12:18:53,633]   INFO - tbrains.buildServer.ACTIVITIES - Build added to queue; Queued build {Build promotion {promotion id=6, configuration={id=JavaProject_JavaBuild, internal id=bt1}, queued, creatorNodeId="MAIN_SERVER"}, triggered by "special user '' (Super user) {id=-42}" (##userId='-42' type='user')}
[2022-12-03 12:18:53,643]   INFO - tbrains.buildServer.ACTIVITIES - Build started; java_project / java_build {id=JavaProject_JavaBuild, internal id=bt1} #6 {promotion id=6, agent="Agent 1-2" {id=1}, triggered by "special user '' (Super user) {id=-42}" (##userId='-42' type='user'). Started 2022-12-03 12:18:53.638, running}
[2022-12-03 12:18:58,878]   INFO - tbrains.buildServer.ACTIVITIES - Finished build java_project / java_build {id=JavaProject_JavaBuild, internal id=bt1} #6 {promotion id=6, agent="Agent 1-2" {id=1}, triggered by "special user '' (Super user) {id=-42}" (##userId='-42' type='user'). Started 2022-12-03 12:18:53.979, finished. Status "FAILURE 'Exit code 1 (Step: Build_docker_image (Docker)) (new)'"}
[2022-12-03 12:19:41,919]   INFO - s.buildServer.ACTIVITIES.AUDIT - build_type_edit_settings: "java_project / java_build {id=JavaProject_JavaBuild, internal id=bt1}" build configuration settings were edited ("version before: 11, version after: 12") by "special user '' (Super user) {id=-42}" with comment "runners of 'java_build' build configuration were updated"
[2022-12-03 12:20:13,709]   INFO - s.buildServer.ACTIVITIES.AUDIT - build_type_edit_settings: "java_project / java_build {id=JavaProject_JavaBuild, internal id=bt1}" build configuration settings were edited ("version before: 12, version after: 13") by "special user '' (Super user) {id=-42}" with comment "runners of 'java_build' build configuration were updated"
[2022-12-03 12:20:59,435]   INFO - s.buildServer.ACTIVITIES.AUDIT - build_type_edit_settings: "java_project / java_build {id=JavaProject_JavaBuild, internal id=bt1}" build configuration settings were edited ("version before: 13, version after: 14") by "special user '' (Super user) {id=-42}" with comment "parameters of 'java_build' build configuration were updated"
[2022-12-03 12:21:17,903]   INFO - s.buildServer.ACTIVITIES.AUDIT - build_type_edit_settings: "java_project / java_build {id=JavaProject_JavaBuild, internal id=bt1}" build configuration settings were edited ("version before: 14, version after: 15") by "special user '' (Super user) {id=-42}" with comment "parameters of 'java_build' build configuration were updated"
[2022-12-03 12:22:01,123]   INFO - s.buildServer.ACTIVITIES.AUDIT - build_type_edit_settings: "java_project / java_build {id=JavaProject_JavaBuild, internal id=bt1}" build configuration settings were edited ("version before: 15, version after: 16") by "special user '' (Super user) {id=-42}" with comment "runners of 'java_build' build configuration were updated"
[2022-12-03 12:22:06,169]   INFO - s.buildServer.ACTIVITIES.AUDIT - build_add_to_queue: Build BUILD_PROMOTION{id=7} was added to queue by "special user '' (Super user) {id=-42}"
[2022-12-03 12:22:06,172]   INFO - tbrains.buildServer.ACTIVITIES - Build added to queue; Queued build {Build promotion {promotion id=7, configuration={id=JavaProject_JavaBuild, internal id=bt1}, queued, creatorNodeId="MAIN_SERVER"}, triggered by "special user '' (Super user) {id=-42}" (##userId='-42' type='user')}
[2022-12-03 12:22:06,182]   INFO - tbrains.buildServer.ACTIVITIES - Build started; java_project / java_build {id=JavaProject_JavaBuild, internal id=bt1} #7 {promotion id=7, agent="Agent 1-2" {id=1}, triggered by "special user '' (Super user) {id=-42}" (##userId='-42' type='user'). Started 2022-12-03 12:22:06.177, running}
[2022-12-03 12:22:14,506]   INFO - tbrains.buildServer.ACTIVITIES - Finished build java_project / java_build {id=JavaProject_JavaBuild, internal id=bt1} #7 {promotion id=7, agent="Agent 1-2" {id=1}, triggered by "special user '' (Super user) {id=-42}" (##userId='-42' type='user'). Started 2022-12-03 12:22:07.677, finished. Status "NORMAL 'Running'"}
[2022-12-03 13:15:54,391]   INFO - s.buildServer.ACTIVITIES.AUDIT - build_type_edit_settings: "java_project / java_build {id=JavaProject_JavaBuild, internal id=bt1}" build configuration settings were edited ("version before: 16, version after: 17") by "special user '' (Super user) {id=-42}" with comment "runners of 'java_build' build configuration were updated"
[2022-12-03 13:18:00,318]   INFO - s.buildServer.ACTIVITIES.AUDIT - build_type_edit_settings: "java_project / java_build {id=JavaProject_JavaBuild, internal id=bt1}" build configuration settings were edited ("version before: 17, version after: 18") by "special user '' (Super user) {id=-42}" with comment "runners of 'java_build' build configuration were updated"
[2022-12-03 13:18:11,262]   INFO - s.buildServer.ACTIVITIES.AUDIT - build_add_to_queue: Build BUILD_PROMOTION{id=8} was added to queue by "special user '' (Super user) {id=-42}"
[2022-12-03 13:18:11,268]   INFO - tbrains.buildServer.ACTIVITIES - Build added to queue; Queued build {Build promotion {promotion id=8, configuration={id=JavaProject_JavaBuild, internal id=bt1}, queued, creatorNodeId="MAIN_SERVER"}, triggered by "special user '' (Super user) {id=-42}" (##userId='-42' type='user')}
[2022-12-03 13:18:11,280]   INFO - tbrains.buildServer.ACTIVITIES - Build started; java_project / java_build {id=JavaProject_JavaBuild, internal id=bt1} #8 {promotion id=8, agent="Agent 1-2" {id=1}, triggered by "special user '' (Super user) {id=-42}" (##userId='-42' type='user'). Started 2022-12-03 13:18:11.275, running}
[2022-12-03 13:18:15,172]   INFO - tbrains.buildServer.ACTIVITIES - Finished build java_project / java_build {id=JavaProject_JavaBuild, internal id=bt1} #8 {promotion id=8, agent="Agent 1-2" {id=1}, triggered by "special user '' (Super user) {id=-42}" (##userId='-42' type='user'). Started 2022-12-03 13:18:11.682, finished. Status "FAILURE 'Exit code 1 (Step: Build_docker_image (Docker)) (new)'"}
[2022-12-03 13:20:19,347]   INFO - s.buildServer.ACTIVITIES.AUDIT - build_type_edit_settings: "java_project / java_build {id=JavaProject_JavaBuild, internal id=bt1}" build configuration settings were edited ("version before: 18, version after: 19") by "special user '' (Super user) {id=-42}" with comment "runners of 'java_build' build configuration were updated"
[2022-12-03 13:20:23,265]   INFO - s.buildServer.ACTIVITIES.AUDIT - build_add_to_queue: Build BUILD_PROMOTION{id=9} was added to queue by "special user '' (Super user) {id=-42}"
[2022-12-03 13:20:23,269]   INFO - tbrains.buildServer.ACTIVITIES - Build added to queue; Queued build {Build promotion {promotion id=9, configuration={id=JavaProject_JavaBuild, internal id=bt1}, queued, creatorNodeId="MAIN_SERVER"}, triggered by "special user '' (Super user) {id=-42}" (##userId='-42' type='user')}
[2022-12-03 13:20:23,284]   INFO - tbrains.buildServer.ACTIVITIES - Build started; java_project / java_build {id=JavaProject_JavaBuild, internal id=bt1} #9 {promotion id=9, agent="Agent 1-2" {id=1}, triggered by "special user '' (Super user) {id=-42}" (##userId='-42' type='user'). Started 2022-12-03 13:20:23.278, running}
[2022-12-03 13:20:30,650]   INFO - tbrains.buildServer.ACTIVITIES - Finished build java_project / java_build {id=JavaProject_JavaBuild, internal id=bt1} #9 {promotion id=9, agent="Agent 1-2" {id=1}, triggered by "special user '' (Super user) {id=-42}" (##userId='-42' type='user'). Started 2022-12-03 13:20:23.679, finished. Status "FAILURE 'Exit code 1 (Step: Build_docker_image (Docker))'"}
[2022-12-03 13:24:08,146]   INFO - tbrains.buildServer.ACTIVITIES - Spring components shutdown start...
[2022-12-03 13:24:09,389]   INFO - tbrains.buildServer.ACTIVITIES - Spring components shutdown finished in 1s,242ms
[2022-12-03 13:37:17,329]   INFO - tbrains.buildServer.ACTIVITIES - Server Started
[2022-12-03 13:38:51,266]   INFO - s.buildServer.ACTIVITIES.AUDIT - build_add_to_queue: Build BUILD_PROMOTION{id=101} was added to queue by "special user '' (Super user) {id=-42}"
[2022-12-03 13:38:51,284]   INFO - tbrains.buildServer.ACTIVITIES - Build added to queue; Queued build {Build promotion {id=101, configuration={id=JavaProject_JavaBuild/bt1}, queued, creatorNodeId="MAIN_SERVER"}, triggered by "special user '' (Super user) {id=-42}" (##userId='-42' type='user')}
[2022-12-03 13:38:51,456]   INFO - tbrains.buildServer.ACTIVITIES - Build started; java_project / java_build {id=JavaProject_JavaBuild/bt1} #10 {id=101, agent="Agent 1-2" {id=1}, triggered by "special user '' (Super user) {id=-42}" (##userId='-42' type='user'). Started 2022-12-03 13:38:51.396, running}
[2022-12-03 13:39:29,463]   INFO - tbrains.buildServer.ACTIVITIES - Finished build java_project / java_build {id=JavaProject_JavaBuild/bt1} #10 {id=101, agent="Agent 1-2" {id=1}, triggered by "special user '' (Super user) {id=-42}" (##userId='-42' type='user'). Started 2022-12-03 13:38:52.353, finished. Status "NORMAL 'Running'"}
[2022-12-03 13:41:40,882]   INFO - s.buildServer.ACTIVITIES.AUDIT - build_type_edit_settings: "java_project / java_build {id=JavaProject_JavaBuild/bt1}" build configuration settings were edited ("version before: 19, version after: 20") by "special user '' (Super user) {id=-42}" with comment "runners of 'java_build' build configuration were updated"
[2022-12-03 13:42:26,532]   INFO - s.buildServer.ACTIVITIES.AUDIT - build_add_to_queue: Build BUILD_PROMOTION{id=102} was added to queue by "special user '' (Super user) {id=-42}"
[2022-12-03 13:42:26,536]   INFO - tbrains.buildServer.ACTIVITIES - Build added to queue; Queued build {Build promotion {id=102, configuration={id=JavaProject_JavaBuild/bt1}, queued, creatorNodeId="MAIN_SERVER"}, triggered by "special user '' (Super user) {id=-42}" (##userId='-42' type='user')}
[2022-12-03 13:42:26,557]   INFO - tbrains.buildServer.ACTIVITIES - Build started; java_project / java_build {id=JavaProject_JavaBuild/bt1} #11 {id=102, agent="Agent 1-2" {id=1}, triggered by "special user '' (Super user) {id=-42}" (##userId='-42' type='user'). Started 2022-12-03 13:42:26.549, running}
[2022-12-03 13:42:31,851]   INFO - tbrains.buildServer.ACTIVITIES - Finished build java_project / java_build {id=JavaProject_JavaBuild/bt1} #11 {id=102, agent="Agent 1-2" {id=1}, triggered by "special user '' (Super user) {id=-42}" (##userId='-42' type='user'). Started 2022-12-03 13:42:26.917, finished. Status "FAILURE 'Exit code 1 (Step: Push_docker_image (Docker)) (new)'"}
[2022-12-03 13:49:57,192]   INFO - s.buildServer.ACTIVITIES.AUDIT - build_type_edit_settings: "java_project / java_build {id=JavaProject_JavaBuild/bt1}" build configuration settings were edited ("version before: 20, version after: 21") by "special user '' (Super user) {id=-42}" with comment "'java_build' build configuration settings were updated"
[2022-12-03 13:50:06,268]   INFO - s.buildServer.ACTIVITIES.AUDIT - build_type_edit_settings: "java_project / java_build {id=JavaProject_JavaBuild/bt1}" build configuration settings were edited ("version before: 21, version after: 22") by "special user '' (Super user) {id=-42}" with comment "runners of 'java_build' build configuration were updated"
[2022-12-03 13:50:13,624]   INFO - s.buildServer.ACTIVITIES.AUDIT - build_type_edit_settings: "java_project / java_build {id=JavaProject_JavaBuild/bt1}" build configuration settings were edited ("version before: 22, version after: 23") by "special user '' (Super user) {id=-42}" with comment "runners of 'java_build' build configuration were updated"
[2022-12-03 13:50:20,669]   INFO - s.buildServer.ACTIVITIES.AUDIT - build_add_to_queue: Build BUILD_PROMOTION{id=103} was added to queue by "special user '' (Super user) {id=-42}"
[2022-12-03 13:50:20,672]   INFO - tbrains.buildServer.ACTIVITIES - Build added to queue; Queued build {Build promotion {id=103, configuration={id=JavaProject_JavaBuild/bt1}, queued, creatorNodeId="MAIN_SERVER"}, triggered by "special user '' (Super user) {id=-42}" (##userId='-42' type='user')}
[2022-12-03 13:50:20,685]   INFO - tbrains.buildServer.ACTIVITIES - Build started; java_project / java_build {id=JavaProject_JavaBuild/bt1} #12 {id=103, agent="Agent 1-2" {id=1}, triggered by "special user '' (Super user) {id=-42}" (##userId='-42' type='user'). Started 2022-12-03 13:50:20.680, running}
[2022-12-03 13:50:35,407]   INFO - tbrains.buildServer.ACTIVITIES - Finished build java_project / java_build {id=JavaProject_JavaBuild/bt1} #12 {id=103, agent="Agent 1-2" {id=1}, triggered by "special user '' (Super user) {id=-42}" (##userId='-42' type='user'). Started 2022-12-03 13:50:21.044, finished. Status "NORMAL 'Running'"}
[2022-12-03 13:51:46,407]   INFO - s.buildServer.ACTIVITIES.AUDIT - build_type_edit_settings: "java_project / java_build {id=JavaProject_JavaBuild/bt1}" build configuration settings were edited ("version before: 23, version after: 24") by "special user '' (Super user) {id=-42}" with comment "runners of 'java_build' build configuration were updated"
[2022-12-03 13:51:49,497]   INFO - s.buildServer.ACTIVITIES.AUDIT - build_add_to_queue: Build BUILD_PROMOTION{id=104} was added to queue by "special user '' (Super user) {id=-42}"
[2022-12-03 13:51:49,501]   INFO - tbrains.buildServer.ACTIVITIES - Build added to queue; Queued build {Build promotion {id=104, configuration={id=JavaProject_JavaBuild/bt1}, queued, creatorNodeId="MAIN_SERVER"}, triggered by "special user '' (Super user) {id=-42}" (##userId='-42' type='user')}
[2022-12-03 13:51:49,513]   INFO - tbrains.buildServer.ACTIVITIES - Build started; java_project / java_build {id=JavaProject_JavaBuild/bt1} #13 {id=104, agent="Agent 1-2" {id=1}, triggered by "special user '' (Super user) {id=-42}" (##userId='-42' type='user'). Started 2022-12-03 13:51:49.509, running}
[2022-12-03 13:51:52,298]   INFO - tbrains.buildServer.ACTIVITIES - Finished build java_project / java_build {id=JavaProject_JavaBuild/bt1} #13 {id=104, agent="Agent 1-2" {id=1}, triggered by "special user '' (Super user) {id=-42}" (##userId='-42' type='user'). Started 2022-12-03 13:51:49.871, finished. Status "FAILURE 'Exit code 127 (Step: Command Line) (new)'"}
[2022-12-03 13:52:56,888]   INFO - s.buildServer.ACTIVITIES.AUDIT - build_type_edit_settings: "java_project / java_build {id=JavaProject_JavaBuild/bt1}" build configuration settings were edited ("version before: 24, version after: 25") by "special user '' (Super user) {id=-42}" with comment "runners of 'java_build' build configuration were updated"
[2022-12-03 13:53:00,229]   INFO - s.buildServer.ACTIVITIES.AUDIT - build_add_to_queue: Build BUILD_PROMOTION{id=105} was added to queue by "special user '' (Super user) {id=-42}"
[2022-12-03 13:53:00,232]   INFO - tbrains.buildServer.ACTIVITIES - Build added to queue; Queued build {Build promotion {id=105, configuration={id=JavaProject_JavaBuild/bt1}, queued, creatorNodeId="MAIN_SERVER"}, triggered by "special user '' (Super user) {id=-42}" (##userId='-42' type='user')}
[2022-12-03 13:53:00,247]   INFO - tbrains.buildServer.ACTIVITIES - Build started; java_project / java_build {id=JavaProject_JavaBuild/bt1} #14 {id=105, agent="Agent 1-2" {id=1}, triggered by "special user '' (Super user) {id=-42}" (##userId='-42' type='user'). Started 2022-12-03 13:53:00.242, running}
[2022-12-03 13:53:04,886]   INFO - tbrains.buildServer.ACTIVITIES - Finished build java_project / java_build {id=JavaProject_JavaBuild/bt1} #14 {id=105, agent="Agent 1-2" {id=1}, triggered by "special user '' (Super user) {id=-42}" (##userId='-42' type='user'). Started 2022-12-03 13:53:00.563, finished. Status "NORMAL 'Running'"}
[2022-12-03 13:57:18,066]   INFO - s.buildServer.ACTIVITIES.AUDIT - project_edit_settings: "java_project {id=JavaProject, internal id=project1}" project settings were edited ("version before: 1, version after: 2") by "special user '' (Super user) {id=-42}" with comment "Connection added"
[2022-12-03 13:57:36,570]   INFO - s.buildServer.ACTIVITIES.AUDIT - build_type_edit_settings: "java_project / java_build {id=JavaProject_JavaBuild/bt1}" build configuration settings were edited ("version before: 25, version after: 26") by "special user '' (Super user) {id=-42}" with comment "'java_build' build configuration settings were updated"
[2022-12-03 14:00:43,868]   INFO - s.buildServer.ACTIVITIES.AUDIT - build_type_edit_settings: "java_project / java_build {id=JavaProject_JavaBuild/bt1}" build configuration settings were edited ("version before: 26, version after: 27") by "special user '' (Super user) {id=-42}" with comment "runners of 'java_build' build configuration were updated"
[2022-12-03 14:01:45,825]   INFO - s.buildServer.ACTIVITIES.AUDIT - build_type_edit_settings: "java_project / java_build {id=JavaProject_JavaBuild/bt1}" build configuration settings were edited ("version before: 27, version after: 28") by "special user '' (Super user) {id=-42}" with comment "runners of 'java_build' build configuration were updated"
[2022-12-03 14:01:59,762]   INFO - s.buildServer.ACTIVITIES.AUDIT - build_add_to_queue: Build BUILD_PROMOTION{id=106} was added to queue by "special user '' (Super user) {id=-42}"
[2022-12-03 14:01:59,765]   INFO - tbrains.buildServer.ACTIVITIES - Build added to queue; Queued build {Build promotion {id=106, configuration={id=JavaProject_JavaBuild/bt1}, queued, creatorNodeId="MAIN_SERVER"}, triggered by "special user '' (Super user) {id=-42}" (##userId='-42' type='user')}
[2022-12-03 14:01:59,778]   INFO - tbrains.buildServer.ACTIVITIES - Build started; java_project / java_build {id=JavaProject_JavaBuild/bt1} #15 {id=106, agent="Agent 1-2" {id=1}, triggered by "special user '' (Super user) {id=-42}" (##userId='-42' type='user'). Started 2022-12-03 14:01:59.773, running}
[2022-12-03 14:02:04,713]   INFO - tbrains.buildServer.ACTIVITIES - Finished build java_project / java_build {id=JavaProject_JavaBuild/bt1} #15 {id=106, agent="Agent 1-2" {id=1}, triggered by "special user '' (Super user) {id=-42}" (##userId='-42' type='user'). Started 2022-12-03 14:02:00.106, finished. Status "FAILURE 'Exit code 1 (Step: Push_docker_image (Docker)) (new)'"}
[2022-12-03 14:05:26,140]   INFO - s.buildServer.ACTIVITIES.AUDIT - build_type_edit_settings: "java_project / java_build {id=JavaProject_JavaBuild/bt1}" build configuration settings were edited ("version before: 28, version after: 29") by "special user '' (Super user) {id=-42}" with comment "build features of 'java_build' build configuration were updated"
[2022-12-03 14:05:58,770]   INFO - s.buildServer.ACTIVITIES.AUDIT - build_add_to_queue: Build BUILD_PROMOTION{id=107} was added to queue by "special user '' (Super user) {id=-42}"
[2022-12-03 14:05:58,773]   INFO - tbrains.buildServer.ACTIVITIES - Build added to queue; Queued build {Build promotion {id=107, configuration={id=JavaProject_JavaBuild/bt1}, queued, creatorNodeId="MAIN_SERVER"}, triggered by "special user '' (Super user) {id=-42}" (##userId='-42' type='user')}
[2022-12-03 14:05:58,785]   INFO - tbrains.buildServer.ACTIVITIES - Build started; java_project / java_build {id=JavaProject_JavaBuild/bt1} #16 {id=107, agent="Agent 1-2" {id=1}, triggered by "special user '' (Super user) {id=-42}" (##userId='-42' type='user'). Started 2022-12-03 14:05:58.781, running}
[2022-12-03 14:06:14,385]   INFO - tbrains.buildServer.ACTIVITIES - Finished build java_project / java_build {id=JavaProject_JavaBuild/bt1} #16 {id=107, agent="Agent 1-2" {id=1}, triggered by "special user '' (Super user) {id=-42}" (##userId='-42' type='user'). Started 2022-12-03 14:05:59.642, finished. Status "FAILURE 'Exit code 1 (Step: Push_docker_image (Docker))'"}
[2022-12-03 14:29:03,844]   INFO - s.buildServer.ACTIVITIES.AUDIT - build_type_edit_settings: "java_project / java_build {id=JavaProject_JavaBuild/bt1}" build configuration settings were edited ("version before: 29, version after: 30") by "special user '' (Super user) {id=-42}" with comment "runners of 'java_build' build configuration were updated"
[2022-12-03 14:29:36,988]   INFO - s.buildServer.ACTIVITIES.AUDIT - build_type_edit_settings: "java_project / java_build {id=JavaProject_JavaBuild/bt1}" build configuration settings were edited ("version before: 30, version after: 31") by "special user '' (Super user) {id=-42}" with comment "runners of 'java_build' build configuration were updated"
[2022-12-03 14:29:48,566]   INFO - s.buildServer.ACTIVITIES.AUDIT - build_type_edit_settings: "java_project / java_build {id=JavaProject_JavaBuild/bt1}" build configuration settings were edited ("version before: 31, version after: 32") by "special user '' (Super user) {id=-42}" with comment "runners of 'java_build' build configuration were updated"
[2022-12-03 14:29:52,671]   INFO - s.buildServer.ACTIVITIES.AUDIT - build_add_to_queue: Build BUILD_PROMOTION{id=108} was added to queue by "special user '' (Super user) {id=-42}"
[2022-12-03 14:29:52,675]   INFO - tbrains.buildServer.ACTIVITIES - Build added to queue; Queued build {Build promotion {id=108, configuration={id=JavaProject_JavaBuild/bt1}, queued, creatorNodeId="MAIN_SERVER"}, triggered by "special user '' (Super user) {id=-42}" (##userId='-42' type='user')}
[2022-12-03 14:29:52,687]   INFO - tbrains.buildServer.ACTIVITIES - Build started; java_project / java_build {id=JavaProject_JavaBuild/bt1} #17 {id=108, agent="Agent 1-2" {id=1}, triggered by "special user '' (Super user) {id=-42}" (##userId='-42' type='user'). Started 2022-12-03 14:29:52.683, running}
[2022-12-03 14:30:06,070]   INFO - tbrains.buildServer.ACTIVITIES - Finished build java_project / java_build {id=JavaProject_JavaBuild/bt1} #17 {id=108, agent="Agent 1-2" {id=1}, triggered by "special user '' (Super user) {id=-42}" (##userId='-42' type='user'). Started 2022-12-03 14:29:53.088, finished. Status "FAILURE 'Exit code 1 (Step: Push_docker_image (Docker))'"}
[2022-12-03 14:32:00,527]   INFO - s.buildServer.ACTIVITIES.AUDIT - build_type_edit_settings: "java_project / java_build {id=JavaProject_JavaBuild/bt1}" build configuration settings were edited ("version before: 32, version after: 33") by "special user '' (Super user) {id=-42}" with comment "runners of 'java_build' build configuration were updated"
[2022-12-03 14:32:12,799]   INFO - s.buildServer.ACTIVITIES.AUDIT - build_type_edit_settings: "java_project / java_build {id=JavaProject_JavaBuild/bt1}" build configuration settings were edited ("version before: 33, version after: 34") by "special user '' (Super user) {id=-42}" with comment "runners of 'java_build' build configuration were updated"
[2022-12-03 14:36:20,566]   INFO - s.buildServer.ACTIVITIES.AUDIT - build_add_to_queue: Build BUILD_PROMOTION{id=109} was added to queue by "special user '' (Super user) {id=-42}"
[2022-12-03 14:36:20,568]   INFO - tbrains.buildServer.ACTIVITIES - Build added to queue; Queued build {Build promotion {id=109, configuration={id=JavaProject_JavaBuild/bt1}, queued, creatorNodeId="MAIN_SERVER"}, triggered by "special user '' (Super user) {id=-42}" (##userId='-42' type='user')}
[2022-12-03 14:36:20,578]   INFO - tbrains.buildServer.ACTIVITIES - Build started; java_project / java_build {id=JavaProject_JavaBuild/bt1} #18 {id=109, agent="Agent 1-2" {id=1}, triggered by "special user '' (Super user) {id=-42}" (##userId='-42' type='user'). Started 2022-12-03 14:36:20.574, running}
[2022-12-03 14:36:34,801]   INFO - tbrains.buildServer.ACTIVITIES - Finished build java_project / java_build {id=JavaProject_JavaBuild/bt1} #18 {id=109, agent="Agent 1-2" {id=1}, triggered by "special user '' (Super user) {id=-42}" (##userId='-42' type='user'). Started 2022-12-03 14:36:21.813, finished. Status "FAILURE 'Exit code 1 (Step: Push_docker_image (Docker))'"}
[2022-12-03 14:53:23,821]   INFO - tbrains.buildServer.ACTIVITIES - Spring components shutdown start...
[2022-12-03 14:53:26,245]   INFO - tbrains.buildServer.ACTIVITIES - Spring components shutdown finished in 2s,424ms
[2022-12-03 14:54:35,661]   INFO - tbrains.buildServer.ACTIVITIES - Server Started
[2022-12-03 14:56:19,218]   INFO - s.buildServer.ACTIVITIES.AUDIT - build_add_to_queue: Build BUILD_PROMOTION{id=201} was added to queue by "special user '' (Super user) {id=-42}"
[2022-12-03 14:56:19,233]   INFO - tbrains.buildServer.ACTIVITIES - Build added to queue; Queued build {Build promotion {id=201, configuration={id=JavaProject_JavaBuild/bt1}, queued, creatorNodeId="MAIN_SERVER"}, triggered by "special user '' (Super user) {id=-42}" (##userId='-42' type='user')}
[2022-12-03 14:56:19,504]   INFO - tbrains.buildServer.ACTIVITIES - Build started; java_project / java_build {id=JavaProject_JavaBuild/bt1} #19 {id=201, agent="Agent 2-1" {id=2}, triggered by "special user '' (Super user) {id=-42}" (##userId='-42' type='user'). Started 2022-12-03 14:56:19.393, running}
[2022-12-03 14:56:58,672]   INFO - tbrains.buildServer.ACTIVITIES - Finished build java_project / java_build {id=JavaProject_JavaBuild/bt1} #19 {id=201, agent="Agent 2-1" {id=2}, triggered by "special user '' (Super user) {id=-42}" (##userId='-42' type='user'). Started 2022-12-03 14:56:22.481, finished. Status "NORMAL 'Running'"}
[2022-12-03 15:14:33,914]   INFO - tbrains.buildServer.ACTIVITIES - Spring components shutdown start...
[2022-12-03 15:14:35,485]   INFO - tbrains.buildServer.ACTIVITIES - Spring components shutdown finished in 1s,570ms
[2022-12-04 08:39:24,142]   INFO - tbrains.buildServer.ACTIVITIES - Server Started
[2022-12-04 08:41:16,859]   INFO - s.buildServer.ACTIVITIES.AUDIT - build_type_edit_settings: "java_project / Dcokerjava_build {id=JavaProject_JavaBuild/bt1}" build configuration settings were edited ("version before: 34, version after: 35") by "special user '' (Super user) {id=-42}" with comment "general settings of 'Dcokerjava_build' build configuration were updated"
[2022-12-04 08:41:27,815]   INFO - s.buildServer.ACTIVITIES.AUDIT - build_type_edit_settings: "java_project / Docker_java_build {id=JavaProject_JavaBuild/bt1}" build configuration settings were edited ("version before: 35, version after: 36") by "special user '' (Super user) {id=-42}" with comment "general settings of 'Docker_java_build' build configuration were updated"
[2022-12-04 08:41:37,046]   INFO - s.buildServer.ACTIVITIES.AUDIT - build_add_to_queue: Build BUILD_PROMOTION{id=301} was added to queue by "special user '' (Super user) {id=-42}"
[2022-12-04 08:41:37,053]   INFO - tbrains.buildServer.ACTIVITIES - Build added to queue; Queued build {Build promotion {id=301, configuration={id=JavaProject_JavaBuild/bt1}, queued, creatorNodeId="MAIN_SERVER"}, triggered by "special user '' (Super user) {id=-42}" (##userId='-42' type='user')}
[2022-12-04 08:41:37,306]   INFO - tbrains.buildServer.ACTIVITIES - Build started; java_project / Docker_java_build {id=JavaProject_JavaBuild/bt1} #20 {id=301, agent="Agent 1-2" {id=1}, triggered by "special user '' (Super user) {id=-42}" (##userId='-42' type='user'). Started 2022-12-04 08:41:37.213, running}
[2022-12-04 08:42:09,649]   INFO - tbrains.buildServer.ACTIVITIES - Finished build java_project / Docker_java_build {id=JavaProject_JavaBuild/bt1} #20 {id=301, agent="Agent 1-2" {id=1}, triggered by "special user '' (Super user) {id=-42}" (##userId='-42' type='user'). Started 2022-12-04 08:41:42.356, finished. Status "NORMAL 'Running'"}
[2022-12-04 08:45:21,396]   INFO - s.buildServer.ACTIVITIES.AUDIT - build_type_create: "java_project / Java_APP_build {id=JavaProject_JavaAppBuild/bt2}" was created by "special user '' (Super user) {id=-42}"
[2022-12-04 08:46:00,836]   INFO - s.buildServer.ACTIVITIES.AUDIT - vcs_root_create: VCS root ""https://github.com/jenkins-docs/simple-java-maven-app.git" {internal id=2, id=JavaProject_HttpsGithubComJenkinsDocsSimpleJavaMavenAppGit, description: "null#master"}" was created by "special user '' (Super user) {id=-42}" with comment "In project: java_project"
[2022-12-04 08:46:00,856]   INFO - s.buildServer.ACTIVITIES.AUDIT - build_type_edit_settings: "java_project / Java_APP_build {id=JavaProject_JavaAppBuild/bt2}" build configuration settings were edited ("version before: 1, version after: 2") by "special user '' (Super user) {id=-42}" with comment "'https://github.com/jenkins-docs/simple-java-maven-app.git' VCS root was created"
[2022-12-04 08:47:55,474]   INFO - s.buildServer.ACTIVITIES.AUDIT - build_type_edit_settings: "java_project / Java_APP_build {id=JavaProject_JavaAppBuild/bt2}" build configuration settings were edited ("version before: 2, version after: 3") by "special user '' (Super user) {id=-42}" with comment "runners of 'Java_APP_build' build configuration were updated"
[2022-12-04 08:49:41,562]   INFO - s.buildServer.ACTIVITIES.AUDIT - build_type_edit_settings: "java_project / Java_APP_build {id=JavaProject_JavaAppBuild/bt2}" build configuration settings were edited ("version before: 3, version after: 4") by "special user '' (Super user) {id=-42}" with comment "runners of 'Java_APP_build' build configuration were updated"
[2022-12-04 08:50:18,881]   INFO - s.buildServer.ACTIVITIES.AUDIT - build_type_edit_settings: "java_project / Java_APP_build {id=JavaProject_JavaAppBuild/bt2}" build configuration settings were edited ("version before: 4, version after: 5") by "special user '' (Super user) {id=-42}" with comment "runners of 'Java_APP_build' build configuration were updated"
[2022-12-04 08:50:28,061]   INFO - s.buildServer.ACTIVITIES.AUDIT - build_type_edit_settings: "java_project / Java_APP_build {id=JavaProject_JavaAppBuild/bt2}" build configuration settings were edited ("version before: 5, version after: 6") by "special user '' (Super user) {id=-42}" with comment "runners of 'Java_APP_build' build configuration were updated"
[2022-12-04 08:50:38,533]   INFO - s.buildServer.ACTIVITIES.AUDIT - build_add_to_queue: Build BUILD_PROMOTION{id=302} was added to queue by "special user '' (Super user) {id=-42}"
[2022-12-04 08:50:38,536]   INFO - tbrains.buildServer.ACTIVITIES - Build added to queue; Queued build {Build promotion {id=302, configuration={id=JavaProject_JavaAppBuild/bt2}, queued, creatorNodeId="MAIN_SERVER"}, triggered by "special user '' (Super user) {id=-42}" (##userId='-42' type='user')}
[2022-12-04 08:50:38,550]   INFO - tbrains.buildServer.ACTIVITIES - Build started; java_project / Java_APP_build {id=JavaProject_JavaAppBuild/bt2} #1 {id=302, agent="Agent 1-2" {id=1}, triggered by "special user '' (Super user) {id=-42}" (##userId='-42' type='user'). Started 2022-12-04 08:50:38.545, running}
[2022-12-04 08:51:47,433]   INFO - tbrains.buildServer.ACTIVITIES - Finished build java_project / Java_APP_build {id=JavaProject_JavaAppBuild/bt2} #1 {id=302, agent="Agent 1-2" {id=1}, triggered by "special user '' (Super user) {id=-42}" (##userId='-42' type='user'). Started 2022-12-04 08:50:39.285, finished. Status "NORMAL 'Tests passed: 2'"}
[2022-12-04 09:01:32,504]   INFO - s.buildServer.ACTIVITIES.AUDIT - build_type_edit_settings: "java_project / Java_APP_build {id=JavaProject_JavaAppBuild/bt2}" build configuration settings were edited ("version before: 6, version after: 7") by "special user '' (Super user) {id=-42}" with comment "runners of 'Java_APP_build' build configuration were updated"
[2022-12-04 09:02:02,307]   INFO - s.buildServer.ACTIVITIES.AUDIT - build_add_to_queue: Build BUILD_PROMOTION{id=303} was added to queue by "special user '' (Super user) {id=-42}"
[2022-12-04 09:02:02,310]   INFO - tbrains.buildServer.ACTIVITIES - Build added to queue; Queued build {Build promotion {id=303, configuration={id=JavaProject_JavaAppBuild/bt2}, queued, creatorNodeId="MAIN_SERVER"}, triggered by "special user '' (Super user) {id=-42}" (##userId='-42' type='user')}
[2022-12-04 09:02:02,325]   INFO - tbrains.buildServer.ACTIVITIES - Build started; java_project / Java_APP_build {id=JavaProject_JavaAppBuild/bt2} #2 {id=303, agent="Agent 1-2" {id=1}, triggered by "special user '' (Super user) {id=-42}" (##userId='-42' type='user'). Started 2022-12-04 09:02:02.319, running}
[2022-12-04 09:02:18,125]   INFO - tbrains.buildServer.ACTIVITIES - Finished build java_project / Java_APP_build {id=JavaProject_JavaAppBuild/bt2} #2 {id=303, agent="Agent 1-2" {id=1}, triggered by "special user '' (Super user) {id=-42}" (##userId='-42' type='user'). Started 2022-12-04 09:02:02.932, finished. Status "NORMAL 'Tests passed: 2'"}
[2022-12-04 09:09:20,002]   INFO - s.buildServer.ACTIVITIES.AUDIT - build_type_edit_settings: "java_project / Java_APP_build {id=JavaProject_JavaAppBuild/bt2}" build configuration settings were edited ("version before: 7, version after: 8") by "special user '' (Super user) {id=-42}" with comment "runners of 'Java_APP_build' build configuration were updated"
[2022-12-04 09:09:30,157]   INFO - s.buildServer.ACTIVITIES.AUDIT - build_add_to_queue: Build BUILD_PROMOTION{id=304} was added to queue by "special user '' (Super user) {id=-42}"
[2022-12-04 09:09:30,158]   INFO - tbrains.buildServer.ACTIVITIES - Build added to queue; Queued build {Build promotion {id=304, configuration={id=JavaProject_JavaAppBuild/bt2}, queued, creatorNodeId="MAIN_SERVER"}, triggered by "special user '' (Super user) {id=-42}" (##userId='-42' type='user')}
[2022-12-04 09:09:30,170]   INFO - tbrains.buildServer.ACTIVITIES - Build started; java_project / Java_APP_build {id=JavaProject_JavaAppBuild/bt2} #3 {id=304, agent="Agent 1-2" {id=1}, triggered by "special user '' (Super user) {id=-42}" (##userId='-42' type='user'). Started 2022-12-04 09:09:30.165, running}
[2022-12-04 09:09:37,469]   INFO - tbrains.buildServer.ACTIVITIES - Finished build java_project / Java_APP_build {id=JavaProject_JavaAppBuild/bt2} #3 {id=304, agent="Agent 1-2" {id=1}, triggered by "special user '' (Super user) {id=-42}" (##userId='-42' type='user'). Started 2022-12-04 09:09:30.812, finished. Status "FAILURE 'Tests passed: 2; failed to create a directory'"}
[2022-12-04 09:26:24,952]   INFO - s.buildServer.ACTIVITIES.AUDIT - build_type_edit_settings: "java_project / Java_APP_build {id=JavaProject_JavaAppBuild/bt2}" build configuration settings were edited ("version before: 8, version after: 9") by "special user '' (Super user) {id=-42}" with comment "general settings of 'Java_APP_build' build configuration were updated"
[2022-12-04 09:26:45,535]   INFO - s.buildServer.ACTIVITIES.AUDIT - build_add_to_queue: Build BUILD_PROMOTION{id=305} was added to queue by "special user '' (Super user) {id=-42}"
[2022-12-04 09:26:45,539]   INFO - tbrains.buildServer.ACTIVITIES - Build added to queue; Queued build {Build promotion {id=305, configuration={id=JavaProject_JavaAppBuild/bt2}, queued, creatorNodeId="MAIN_SERVER"}, triggered by "special user '' (Super user) {id=-42}" (##userId='-42' type='user')}
[2022-12-04 09:26:45,550]   INFO - tbrains.buildServer.ACTIVITIES - Build started; java_project / Java_APP_build {id=JavaProject_JavaAppBuild/bt2} #4 {id=305, agent="Agent 1-2" {id=1}, triggered by "special user '' (Super user) {id=-42}" (##userId='-42' type='user'). Started 2022-12-04 09:26:45.547, running}
[2022-12-04 09:26:52,472]   INFO - tbrains.buildServer.ACTIVITIES - Finished build java_project / Java_APP_build {id=JavaProject_JavaAppBuild/bt2} #4 {id=305, agent="Agent 1-2" {id=1}, triggered by "special user '' (Super user) {id=-42}" (##userId='-42' type='user'). Started 2022-12-04 09:26:46.198, finished. Status "FAILURE 'Tests passed: 2; failed to create a directory'"}
[2022-12-04 09:27:06,411]   INFO - s.buildServer.ACTIVITIES.AUDIT - build_type_edit_settings: "java_project / Java_APP_build {id=JavaProject_JavaAppBuild/bt2}" build configuration settings were edited ("version before: 9, version after: 10") by "special user '' (Super user) {id=-42}" with comment "runners of 'Java_APP_build' build configuration were updated"
[2022-12-04 09:27:09,575]   INFO - s.buildServer.ACTIVITIES.AUDIT - build_add_to_queue: Build BUILD_PROMOTION{id=306} was added to queue by "special user '' (Super user) {id=-42}"
[2022-12-04 09:27:09,577]   INFO - tbrains.buildServer.ACTIVITIES - Build added to queue; Queued build {Build promotion {id=306, configuration={id=JavaProject_JavaAppBuild/bt2}, queued, creatorNodeId="MAIN_SERVER"}, triggered by "special user '' (Super user) {id=-42}" (##userId='-42' type='user')}
[2022-12-04 09:27:09,590]   INFO - tbrains.buildServer.ACTIVITIES - Build started; java_project / Java_APP_build {id=JavaProject_JavaAppBuild/bt2} #5 {id=306, agent="Agent 1-2" {id=1}, triggered by "special user '' (Super user) {id=-42}" (##userId='-42' type='user'). Started 2022-12-04 09:27:09.585, running}
[2022-12-04 09:27:22,335]   INFO - tbrains.buildServer.ACTIVITIES - Finished build java_project / Java_APP_build {id=JavaProject_JavaAppBuild/bt2} #5 {id=306, agent="Agent 1-2" {id=1}, triggered by "special user '' (Super user) {id=-42}" (##userId='-42' type='user'). Started 2022-12-04 09:27:10.308, finished. Status "NORMAL 'Tests passed: 2'"}
[2022-12-04 09:30:42,358]   INFO - s.buildServer.ACTIVITIES.AUDIT - build_type_edit_settings: "java_project / Java_APP_build {id=JavaProject_JavaAppBuild/bt2}" build configuration settings were edited ("version before: 10, version after: 11") by "special user '' (Super user) {id=-42}" with comment "runners of 'Java_APP_build' build configuration were updated"
[2022-12-04 09:30:52,945]   INFO - s.buildServer.ACTIVITIES.AUDIT - build_add_to_queue: Build BUILD_PROMOTION{id=307} was added to queue by "special user '' (Super user) {id=-42}"
[2022-12-04 09:30:52,947]   INFO - tbrains.buildServer.ACTIVITIES - Build added to queue; Queued build {Build promotion {id=307, configuration={id=JavaProject_JavaAppBuild/bt2}, queued, creatorNodeId="MAIN_SERVER"}, triggered by "special user '' (Super user) {id=-42}" (##userId='-42' type='user')}
[2022-12-04 09:30:52,957]   INFO - tbrains.buildServer.ACTIVITIES - Build started; java_project / Java_APP_build {id=JavaProject_JavaAppBuild/bt2} #6 {id=307, agent="Agent 1-2" {id=1}, triggered by "special user '' (Super user) {id=-42}" (##userId='-42' type='user'). Started 2022-12-04 09:30:52.953, running}
[2022-12-04 09:31:09,254]   INFO - tbrains.buildServer.ACTIVITIES - Finished build java_project / Java_APP_build {id=JavaProject_JavaAppBuild/bt2} #6 {id=307, agent="Agent 1-2" {id=1}, triggered by "special user '' (Super user) {id=-42}" (##userId='-42' type='user'). Started 2022-12-04 09:30:57.581, finished. Status "NORMAL 'Tests passed: 2'"}
[2022-12-04 10:30:08,650]   INFO - s.buildServer.ACTIVITIES.AUDIT - build_type_edit_settings: "java_project / Java_APP_build {id=JavaProject_JavaAppBuild/bt2}" build configuration settings were edited ("version before: 11, version after: 12") by "special user '' (Super user) {id=-42}" with comment "runners of 'Java_APP_build' build configuration were updated"
[2022-12-04 10:30:14,012]   INFO - s.buildServer.ACTIVITIES.AUDIT - build_type_edit_settings: "java_project / Java_APP_build {id=JavaProject_JavaAppBuild/bt2}" build configuration settings were edited ("version before: 12, version after: 13") by "special user '' (Super user) {id=-42}" with comment "runners of 'Java_APP_build' build configuration were updated"
[2022-12-04 10:32:36,254]   INFO - s.buildServer.ACTIVITIES.AUDIT - build_type_edit_settings: "java_project / Java_APP_build {id=JavaProject_JavaAppBuild/bt2}" build configuration settings were edited ("version before: 13, version after: 14") by "special user '' (Super user) {id=-42}" with comment "runners of 'Java_APP_build' build configuration were updated"
[2022-12-04 10:33:06,349]   INFO - s.buildServer.ACTIVITIES.AUDIT - build_type_edit_settings: "java_project / Java_APP_build {id=JavaProject_JavaAppBuild/bt2}" build configuration settings were edited ("version before: 14, version after: 15") by "special user '' (Super user) {id=-42}" with comment "runners of 'Java_APP_build' build configuration were updated"
[2022-12-04 10:33:11,095]   INFO - s.buildServer.ACTIVITIES.AUDIT - build_add_to_queue: Build BUILD_PROMOTION{id=308} was added to queue by "special user '' (Super user) {id=-42}"
[2022-12-04 10:33:11,097]   INFO - tbrains.buildServer.ACTIVITIES - Build added to queue; Queued build {Build promotion {id=308, configuration={id=JavaProject_JavaAppBuild/bt2}, queued, creatorNodeId="MAIN_SERVER"}, triggered by "special user '' (Super user) {id=-42}" (##userId='-42' type='user')}
[2022-12-04 10:33:11,109]   INFO - tbrains.buildServer.ACTIVITIES - Build started; java_project / Java_APP_build {id=JavaProject_JavaAppBuild/bt2} #7 {id=308, agent="Agent 1-2" {id=1}, triggered by "special user '' (Super user) {id=-42}" (##userId='-42' type='user'). Started 2022-12-04 10:33:11.105, running}
[2022-12-04 10:33:27,923]   INFO - tbrains.buildServer.ACTIVITIES - Finished build java_project / Java_APP_build {id=JavaProject_JavaAppBuild/bt2} #7 {id=308, agent="Agent 1-2" {id=1}, triggered by "special user '' (Super user) {id=-42}" (##userId='-42' type='user'). Started 2022-12-04 10:33:15.444, finished. Status "NORMAL 'Tests passed: 2'"}
[2022-12-04 10:44:28,965]   INFO - s.buildServer.ACTIVITIES.AUDIT - build_type_edit_settings: "java_project / Java_APP_build {id=JavaProject_JavaAppBuild/bt2}" build configuration settings were edited ("version before: 15, version after: 16") by "special user '' (Super user) {id=-42}" with comment "runners of 'Java_APP_build' build configuration were updated"
[2022-12-04 10:44:36,096]   INFO - s.buildServer.ACTIVITIES.AUDIT - build_add_to_queue: Build BUILD_PROMOTION{id=309} was added to queue by "special user '' (Super user) {id=-42}"
[2022-12-04 10:44:36,099]   INFO - tbrains.buildServer.ACTIVITIES - Build added to queue; Queued build {Build promotion {id=309, configuration={id=JavaProject_JavaAppBuild/bt2}, queued, creatorNodeId="MAIN_SERVER"}, triggered by "special user '' (Super user) {id=-42}" (##userId='-42' type='user')}
[2022-12-04 10:44:36,110]   INFO - tbrains.buildServer.ACTIVITIES - Build started; java_project / Java_APP_build {id=JavaProject_JavaAppBuild/bt2} #8 {id=309, agent="Agent 1-2" {id=1}, triggered by "special user '' (Super user) {id=-42}" (##userId='-42' type='user'). Started 2022-12-04 10:44:36.105, running}
[2022-12-04 10:44:50,017]   INFO - tbrains.buildServer.ACTIVITIES - Finished build java_project / Java_APP_build {id=JavaProject_JavaAppBuild/bt2} #8 {id=309, agent="Agent 1-2" {id=1}, triggered by "special user '' (Super user) {id=-42}" (##userId='-42' type='user'). Started 2022-12-04 10:44:37.968, finished. Status "NORMAL 'Tests passed: 2'"}
[2022-12-04 10:47:55,275]   INFO - s.buildServer.ACTIVITIES.AUDIT - build_type_edit_settings: "java_project / Java_APP_build {id=JavaProject_JavaAppBuild/bt2}" build configuration settings were edited ("version before: 16, version after: 17") by "special user '' (Super user) {id=-42}" with comment "runners of 'Java_APP_build' build configuration were updated"
[2022-12-04 10:47:59,303]   INFO - s.buildServer.ACTIVITIES.AUDIT - build_add_to_queue: Build BUILD_PROMOTION{id=310} was added to queue by "special user '' (Super user) {id=-42}"
[2022-12-04 10:47:59,306]   INFO - tbrains.buildServer.ACTIVITIES - Build added to queue; Queued build {Build promotion {id=310, configuration={id=JavaProject_JavaAppBuild/bt2}, queued, creatorNodeId="MAIN_SERVER"}, triggered by "special user '' (Super user) {id=-42}" (##userId='-42' type='user')}
[2022-12-04 10:47:59,320]   INFO - tbrains.buildServer.ACTIVITIES - Build started; java_project / Java_APP_build {id=JavaProject_JavaAppBuild/bt2} #9 {id=310, agent="Agent 1-2" {id=1}, triggered by "special user '' (Super user) {id=-42}" (##userId='-42' type='user'). Started 2022-12-04 10:47:59.314, running}
[2022-12-04 10:48:06,274]   INFO - tbrains.buildServer.ACTIVITIES - Finished build java_project / Java_APP_build {id=JavaProject_JavaAppBuild/bt2} #9 {id=310, agent="Agent 1-2" {id=1}, triggered by "special user '' (Super user) {id=-42}" (##userId='-42' type='user'). Started 2022-12-04 10:48:00.603, finished. Status "FAILURE 'Exit code 1 (Step: Test_Java_APP (Maven)) (new)'"}
[2022-12-04 10:49:55,769]   INFO - s.buildServer.ACTIVITIES.AUDIT - build_type_edit_settings: "java_project / Java_APP_build {id=JavaProject_JavaAppBuild/bt2}" build configuration settings were edited ("version before: 17, version after: 18") by "special user '' (Super user) {id=-42}" with comment "'Java_APP_build' build configuration settings were updated"
[2022-12-04 10:49:59,208]   INFO - s.buildServer.ACTIVITIES.AUDIT - build_type_edit_settings: "java_project / Java_APP_build {id=JavaProject_JavaAppBuild/bt2}" build configuration settings were edited ("version before: 18, version after: 19") by "special user '' (Super user) {id=-42}" with comment "'Java_APP_build' build configuration settings were updated"
[2022-12-04 10:50:01,966]   INFO - s.buildServer.ACTIVITIES.AUDIT - build_type_edit_settings: "java_project / Java_APP_build {id=JavaProject_JavaAppBuild/bt2}" build configuration settings were edited ("version before: 19, version after: 20") by "special user '' (Super user) {id=-42}" with comment "'Java_APP_build' build configuration settings were updated"
[2022-12-04 10:50:06,558]   INFO - s.buildServer.ACTIVITIES.AUDIT - build_add_to_queue: Build BUILD_PROMOTION{id=311} was added to queue by "special user '' (Super user) {id=-42}"
[2022-12-04 10:50:06,560]   INFO - tbrains.buildServer.ACTIVITIES - Build added to queue; Queued build {Build promotion {id=311, configuration={id=JavaProject_JavaAppBuild/bt2}, queued, creatorNodeId="MAIN_SERVER"}, triggered by "special user '' (Super user) {id=-42}" (##userId='-42' type='user')}
[2022-12-04 10:50:06,570]   INFO - tbrains.buildServer.ACTIVITIES - Build started; java_project / Java_APP_build {id=JavaProject_JavaAppBuild/bt2} #10 {id=311, agent="Agent 1-2" {id=1}, triggered by "special user '' (Super user) {id=-42}" (##userId='-42' type='user'). Started 2022-12-04 10:50:06.566, running}
[2022-12-04 10:50:12,951]   INFO - tbrains.buildServer.ACTIVITIES - Finished build java_project / Java_APP_build {id=JavaProject_JavaAppBuild/bt2} #10 {id=311, agent="Agent 1-2" {id=1}, triggered by "special user '' (Super user) {id=-42}" (##userId='-42' type='user'). Started 2022-12-04 10:50:10.523, finished. Status "NORMAL 'Running'"}
[2022-12-04 10:50:56,181]   INFO - s.buildServer.ACTIVITIES.AUDIT - build_type_edit_settings: "java_project / Java_APP_build {id=JavaProject_JavaAppBuild/bt2}" build configuration settings were edited ("version before: 20, version after: 21") by "special user '' (Super user) {id=-42}" with comment "runners of 'Java_APP_build' build configuration were updated"
[2022-12-04 10:50:59,575]   INFO - s.buildServer.ACTIVITIES.AUDIT - build_type_edit_settings: "java_project / Java_APP_build {id=JavaProject_JavaAppBuild/bt2}" build configuration settings were edited ("version before: 21, version after: 22") by "special user '' (Super user) {id=-42}" with comment "'Java_APP_build' build configuration settings were updated"
[2022-12-04 10:51:01,987]   INFO - s.buildServer.ACTIVITIES.AUDIT - build_type_edit_settings: "java_project / Java_APP_build {id=JavaProject_JavaAppBuild/bt2}" build configuration settings were edited ("version before: 22, version after: 23") by "special user '' (Super user) {id=-42}" with comment "'Java_APP_build' build configuration settings were updated"
[2022-12-04 10:51:05,342]   INFO - s.buildServer.ACTIVITIES.AUDIT - build_type_edit_settings: "java_project / Java_APP_build {id=JavaProject_JavaAppBuild/bt2}" build configuration settings were edited ("version before: 23, version after: 24") by "special user '' (Super user) {id=-42}" with comment "'Java_APP_build' build configuration settings were updated"
[2022-12-04 10:51:33,132]   INFO - s.buildServer.ACTIVITIES.AUDIT - build_type_edit_settings: "java_project / Java_APP_build {id=JavaProject_JavaAppBuild/bt2}" build configuration settings were edited ("version before: 24, version after: 25") by "special user '' (Super user) {id=-42}" with comment "runners of 'Java_APP_build' build configuration were updated"
[2022-12-04 10:51:36,571]   INFO - s.buildServer.ACTIVITIES.AUDIT - build_add_to_queue: Build BUILD_PROMOTION{id=312} was added to queue by "special user '' (Super user) {id=-42}"
[2022-12-04 10:51:36,577]   INFO - tbrains.buildServer.ACTIVITIES - Build added to queue; Queued build {Build promotion {id=312, configuration={id=JavaProject_JavaAppBuild/bt2}, queued, creatorNodeId="MAIN_SERVER"}, triggered by "special user '' (Super user) {id=-42}" (##userId='-42' type='user')}
[2022-12-04 10:51:36,593]   INFO - tbrains.buildServer.ACTIVITIES - Build started; java_project / Java_APP_build {id=JavaProject_JavaAppBuild/bt2} #11 {id=312, agent="Agent 1-2" {id=1}, triggered by "special user '' (Super user) {id=-42}" (##userId='-42' type='user'). Started 2022-12-04 10:51:36.588, running}
[2022-12-04 10:51:50,108]   INFO - tbrains.buildServer.ACTIVITIES - Finished build java_project / Java_APP_build {id=JavaProject_JavaAppBuild/bt2} #11 {id=312, agent="Agent 1-2" {id=1}, triggered by "special user '' (Super user) {id=-42}" (##userId='-42' type='user'). Started 2022-12-04 10:51:37.748, finished. Status "NORMAL 'Tests passed: 2'"}
[2022-12-04 11:02:18,851]   INFO - s.buildServer.ACTIVITIES.AUDIT - build_add_to_queue: Build BUILD_PROMOTION{id=313} was added to queue by "special user '' (Super user) {id=-42}"
[2022-12-04 11:02:18,855]   INFO - tbrains.buildServer.ACTIVITIES - Build added to queue; Queued build {Build promotion {id=313, configuration={id=JavaProject_JavaAppBuild/bt2}, queued, creatorNodeId="MAIN_SERVER"}, triggered by "special user '' (Super user) {id=-42}" (##userId='-42' type='user')}
[2022-12-04 11:02:18,867]   INFO - tbrains.buildServer.ACTIVITIES - Build started; java_project / Java_APP_build {id=JavaProject_JavaAppBuild/bt2} #12 {id=313, agent="Agent 1-2" {id=1}, triggered by "special user '' (Super user) {id=-42}" (##userId='-42' type='user'). Started 2022-12-04 11:02:18.862, running}
[2022-12-04 11:02:31,209]   INFO - tbrains.buildServer.ACTIVITIES - Finished build java_project / Java_APP_build {id=JavaProject_JavaAppBuild/bt2} #12 {id=313, agent="Agent 1-2" {id=1}, triggered by "special user '' (Super user) {id=-42}" (##userId='-42' type='user'). Started 2022-12-04 11:02:19.402, finished. Status "NORMAL 'Tests passed: 2'"}
[2022-12-04 11:05:54,604]   INFO - s.buildServer.ACTIVITIES.AUDIT - build_add_to_queue: Build BUILD_PROMOTION{id=314} was added to queue by "special user '' (Super user) {id=-42}"
[2022-12-04 11:05:54,606]   INFO - tbrains.buildServer.ACTIVITIES - Build added to queue; Queued build {Build promotion {id=314, configuration={id=JavaProject_JavaAppBuild/bt2}, queued, creatorNodeId="MAIN_SERVER"}, triggered by "special user '' (Super user) {id=-42}" (##userId='-42' type='user')}
[2022-12-04 11:05:54,615]   INFO - tbrains.buildServer.ACTIVITIES - Build started; java_project / Java_APP_build {id=JavaProject_JavaAppBuild/bt2} #13 {id=314, agent="Agent 1-2" {id=1}, triggered by "special user '' (Super user) {id=-42}" (##userId='-42' type='user'). Started 2022-12-04 11:05:54.611, running}
[2022-12-04 11:06:05,880]   INFO - tbrains.buildServer.ACTIVITIES - Finished build java_project / Java_APP_build {id=JavaProject_JavaAppBuild/bt2} #13 {id=314, agent="Agent 1-2" {id=1}, triggered by "special user '' (Super user) {id=-42}" (##userId='-42' type='user'). Started 2022-12-04 11:05:55.010, finished. Status "NORMAL 'Tests passed: 2'"}
[2022-12-04 11:09:13,365]   INFO - s.buildServer.ACTIVITIES.AUDIT - build_type_edit_settings: "java_project / Java_APP_build {id=JavaProject_JavaAppBuild/bt2}" build configuration settings were edited ("version before: 25, version after: 26") by "special user '' (Super user) {id=-42}" with comment "runners of 'Java_APP_build' build configuration were updated"
[2022-12-04 11:10:53,547]   INFO - s.buildServer.ACTIVITIES.AUDIT - build_type_edit_settings: "java_project / Java_APP_build {id=JavaProject_JavaAppBuild/bt2}" build configuration settings were edited ("version before: 26, version after: 27") by "special user '' (Super user) {id=-42}" with comment "runners of 'Java_APP_build' build configuration were updated"
[2022-12-04 11:11:06,779]   INFO - s.buildServer.ACTIVITIES.AUDIT - build_add_to_queue: Build BUILD_PROMOTION{id=315} was added to queue by "special user '' (Super user) {id=-42}"
[2022-12-04 11:11:06,782]   INFO - tbrains.buildServer.ACTIVITIES - Build added to queue; Queued build {Build promotion {id=315, configuration={id=JavaProject_JavaAppBuild/bt2}, queued, creatorNodeId="MAIN_SERVER"}, triggered by "special user '' (Super user) {id=-42}" (##userId='-42' type='user')}
[2022-12-04 11:11:06,792]   INFO - tbrains.buildServer.ACTIVITIES - Build started; java_project / Java_APP_build {id=JavaProject_JavaAppBuild/bt2} #14 {id=315, agent="Agent 1-2" {id=1}, triggered by "special user '' (Super user) {id=-42}" (##userId='-42' type='user'). Started 2022-12-04 11:11:06.787, running}
[2022-12-04 11:11:19,597]   INFO - tbrains.buildServer.ACTIVITIES - Finished build java_project / Java_APP_build {id=JavaProject_JavaAppBuild/bt2} #14 {id=315, agent="Agent 1-2" {id=1}, triggered by "special user '' (Super user) {id=-42}" (##userId='-42' type='user'). Started 2022-12-04 11:11:07.458, finished. Status "NORMAL 'Tests passed: 2'"}
[2022-12-04 11:53:57,341]   INFO - s.buildServer.ACTIVITIES.AUDIT - build_type_edit_settings: "java_project / Java_APP_build {id=JavaProject_JavaAppBuild/bt2}" build configuration settings were edited ("version before: 27, version after: 28") by "special user '' (Super user) {id=-42}" with comment "runners of 'Java_APP_build' build configuration were updated"
[2022-12-04 11:54:13,024]   INFO - s.buildServer.ACTIVITIES.AUDIT - build_type_edit_settings: "java_project / Java_APP_build {id=JavaProject_JavaAppBuild/bt2}" build configuration settings were edited ("version before: 28, version after: 29") by "special user '' (Super user) {id=-42}" with comment "runners of 'Java_APP_build' build configuration were updated"
[2022-12-04 11:54:16,708]   INFO - s.buildServer.ACTIVITIES.AUDIT - build_add_to_queue: Build BUILD_PROMOTION{id=316} was added to queue by "special user '' (Super user) {id=-42}"
[2022-12-04 11:54:16,710]   INFO - tbrains.buildServer.ACTIVITIES - Build added to queue; Queued build {Build promotion {id=316, configuration={id=JavaProject_JavaAppBuild/bt2}, queued, creatorNodeId="MAIN_SERVER"}, triggered by "special user '' (Super user) {id=-42}" (##userId='-42' type='user')}
[2022-12-04 11:54:16,719]   INFO - tbrains.buildServer.ACTIVITIES - Build started; java_project / Java_APP_build {id=JavaProject_JavaAppBuild/bt2} #15 {id=316, agent="Agent 1-2" {id=1}, triggered by "special user '' (Super user) {id=-42}" (##userId='-42' type='user'). Started 2022-12-04 11:54:16.715, running}
[2022-12-04 11:54:35,314]   INFO - tbrains.buildServer.ACTIVITIES - Finished build java_project / Java_APP_build {id=JavaProject_JavaAppBuild/bt2} #15 {id=316, agent="Agent 1-2" {id=1}, triggered by "special user '' (Super user) {id=-42}" (##userId='-42' type='user'). Started 2022-12-04 11:54:17.615, finished. Status "FAILURE 'Tests passed: 2; exit code 1 (Step: Push_Java_APP (Maven)) (new)'"}
[2022-12-04 11:58:40,686]   INFO - s.buildServer.ACTIVITIES.AUDIT - build_add_to_queue: Build BUILD_PROMOTION{id=317} was added to queue by "special user '' (Super user) {id=-42}"
[2022-12-04 11:58:40,689]   INFO - tbrains.buildServer.ACTIVITIES - Build added to queue; Queued build {Build promotion {id=317, configuration={id=JavaProject_JavaAppBuild/bt2}, queued, creatorNodeId="MAIN_SERVER"}, triggered by "special user '' (Super user) {id=-42}" (##userId='-42' type='user')}
[2022-12-04 11:58:40,700]   INFO - tbrains.buildServer.ACTIVITIES - Build started; java_project / Java_APP_build {id=JavaProject_JavaAppBuild/bt2} #16 {id=317, agent="Agent 1-2" {id=1}, triggered by "special user '' (Super user) {id=-42}" (##userId='-42' type='user'). Started 2022-12-04 11:58:40.696, running}
[2022-12-04 11:58:57,994]   INFO - tbrains.buildServer.ACTIVITIES - Finished build java_project / Java_APP_build {id=JavaProject_JavaAppBuild/bt2} #16 {id=317, agent="Agent 1-2" {id=1}, triggered by "special user '' (Super user) {id=-42}" (##userId='-42' type='user'). Started 2022-12-04 11:58:41.144, finished. Status "FAILURE 'Tests passed: 2; exit code 1 (Step: Push_Java_APP (Maven))'"}
[2022-12-04 12:00:18,235]   INFO - s.buildServer.ACTIVITIES.AUDIT - build_type_edit_settings: "java_project / Java_APP_build {id=JavaProject_JavaAppBuild/bt2}" build configuration settings were edited ("version before: 29, version after: 30") by "special user '' (Super user) {id=-42}" with comment "runners of 'Java_APP_build' build configuration were updated"
[2022-12-04 12:01:33,053]   INFO - s.buildServer.ACTIVITIES.AUDIT - build_add_to_queue: Build BUILD_PROMOTION{id=318} was added to queue by "special user '' (Super user) {id=-42}"
[2022-12-04 12:01:33,056]   INFO - tbrains.buildServer.ACTIVITIES - Build added to queue; Queued build {Build promotion {id=318, configuration={id=JavaProject_JavaAppBuild/bt2}, queued, creatorNodeId="MAIN_SERVER"}, triggered by "special user '' (Super user) {id=-42}" (##userId='-42' type='user')}
[2022-12-04 12:01:33,070]   INFO - tbrains.buildServer.ACTIVITIES - Build started; java_project / Java_APP_build {id=JavaProject_JavaAppBuild/bt2} #17 {id=318, agent="Agent 1-2" {id=1}, triggered by "special user '' (Super user) {id=-42}" (##userId='-42' type='user'). Started 2022-12-04 12:01:33.064, running}
[2022-12-04 12:02:18,682]   INFO - tbrains.buildServer.ACTIVITIES - Finished build java_project / Java_APP_build {id=JavaProject_JavaAppBuild/bt2} #17 {id=318, agent="Agent 1-2" {id=1}, triggered by "special user '' (Super user) {id=-42}" (##userId='-42' type='user'). Started 2022-12-04 12:01:33.956, finished. Status "NORMAL 'Tests passed: 2'"}
[2022-12-04 12:05:29,698]   INFO - s.buildServer.ACTIVITIES.AUDIT - build_type_edit_settings: "java_project / Java_APP_build {id=JavaProject_JavaAppBuild/bt2}" build configuration settings were edited ("version before: 30, version after: 31") by "special user '' (Super user) {id=-42}" with comment "'Java_APP_build' build configuration settings were updated"
[2022-12-04 12:06:44,107]   INFO - s.buildServer.ACTIVITIES.AUDIT - build_add_to_queue: Build BUILD_PROMOTION{id=319} was added to queue by "special user '' (Super user) {id=-42}"
[2022-12-04 12:06:44,111]   INFO - tbrains.buildServer.ACTIVITIES - Build added to queue; Queued build {Build promotion {id=319, configuration={id=JavaProject_JavaAppBuild/bt2}, queued, creatorNodeId="MAIN_SERVER"}, triggered by "special user '' (Super user) {id=-42}" (##userId='-42' type='user')}
[2022-12-04 12:06:44,120]   INFO - tbrains.buildServer.ACTIVITIES - Build started; java_project / Java_APP_build {id=JavaProject_JavaAppBuild/bt2} #18 {id=319, agent="Agent 1-2" {id=1}, triggered by "special user '' (Super user) {id=-42}" (##userId='-42' type='user'). Started 2022-12-04 12:06:44.116, running}
[2022-12-04 12:07:01,294]   INFO - tbrains.buildServer.ACTIVITIES - Finished build java_project / Java_APP_build {id=JavaProject_JavaAppBuild/bt2} #18 {id=319, agent="Agent 1-2" {id=1}, triggered by "special user '' (Super user) {id=-42}" (##userId='-42' type='user'). Started 2022-12-04 12:06:44.514, finished. Status "NORMAL 'Tests passed: 2'"}
[2022-12-04 14:19:06,625]   INFO - s.buildServer.ACTIVITIES.AUDIT - build_type_edit_settings: "java_project / Docker_java_build {id=JavaProject_JavaBuild/bt1}" build configuration settings were edited ("version before: 36, version after: 37") by "special user '' (Super user) {id=-42}" with comment "runners of 'Docker_java_build' build configuration were updated"
[2022-12-04 14:19:10,910]   INFO - s.buildServer.ACTIVITIES.AUDIT - build_type_edit_settings: "java_project / Docker_java_build {id=JavaProject_JavaBuild/bt1}" build configuration settings were edited ("version before: 37, version after: 38") by "special user '' (Super user) {id=-42}" with comment "'Docker_java_build' build configuration settings were updated"
[2022-12-04 14:19:13,443]   INFO - s.buildServer.ACTIVITIES.AUDIT - build_type_edit_settings: "java_project / Docker_java_build {id=JavaProject_JavaBuild/bt1}" build configuration settings were edited ("version before: 38, version after: 39") by "special user '' (Super user) {id=-42}" with comment "'Docker_java_build' build configuration settings were updated"
[2022-12-04 14:19:47,789]   INFO - s.buildServer.ACTIVITIES.AUDIT - build_type_edit_settings: "java_project / Docker_java_build {id=JavaProject_JavaBuild/bt1}" build configuration settings were edited ("version before: 39, version after: 40") by "special user '' (Super user) {id=-42}" with comment "runners of 'Docker_java_build' build configuration were updated"
[2022-12-04 14:20:12,504]   INFO - s.buildServer.ACTIVITIES.AUDIT - build_type_edit_settings: "java_project / Docker_java_build {id=JavaProject_JavaBuild/bt1}" build configuration settings were edited ("version before: 40, version after: 41") by "special user '' (Super user) {id=-42}" with comment "'Docker_java_build' build configuration settings were updated"
[2022-12-04 14:20:16,131]   INFO - s.buildServer.ACTIVITIES.AUDIT - build_type_edit_settings: "java_project / Docker_java_build {id=JavaProject_JavaBuild/bt1}" build configuration settings were edited ("version before: 41, version after: 42") by "special user '' (Super user) {id=-42}" with comment "'Docker_java_build' build configuration settings were updated"
[2022-12-04 14:20:36,766]   INFO - s.buildServer.ACTIVITIES.AUDIT - build_type_edit_settings: "java_project / Docker_java_build {id=JavaProject_JavaBuild/bt1}" build configuration settings were edited ("version before: 42, version after: 43") by "special user '' (Super user) {id=-42}" with comment "runners of 'Docker_java_build' build configuration were updated"
[2022-12-04 14:20:45,851]   INFO - s.buildServer.ACTIVITIES.AUDIT - build_add_to_queue: Build BUILD_PROMOTION{id=320} was added to queue by "special user '' (Super user) {id=-42}"
[2022-12-04 14:20:45,854]   INFO - tbrains.buildServer.ACTIVITIES - Build added to queue; Queued build {Build promotion {id=320, configuration={id=JavaProject_JavaBuild/bt1}, queued, creatorNodeId="MAIN_SERVER"}, triggered by "special user '' (Super user) {id=-42}" (##userId='-42' type='user')}
[2022-12-04 14:20:45,865]   INFO - tbrains.buildServer.ACTIVITIES - Build started; java_project / Docker_java_build {id=JavaProject_JavaBuild/bt1} #21 {id=320, agent="Agent 1-2" {id=1}, triggered by "special user '' (Super user) {id=-42}" (##userId='-42' type='user'). Started 2022-12-04 14:20:45.860, running}
[2022-12-04 14:20:52,442]   INFO - tbrains.buildServer.ACTIVITIES - Finished build java_project / Docker_java_build {id=JavaProject_JavaBuild/bt1} #21 {id=320, agent="Agent 1-2" {id=1}, triggered by "special user '' (Super user) {id=-42}" (##userId='-42' type='user'). Started 2022-12-04 14:20:48.750, finished. Status "NORMAL 'Running'"}
[2022-12-04 14:22:25,162]   INFO - s.buildServer.ACTIVITIES.AUDIT - build_type_edit_settings: "java_project / Docker_java_build {id=JavaProject_JavaBuild/bt1}" build configuration settings were edited ("version before: 43, version after: 44") by "special user '' (Super user) {id=-42}" with comment "VCS roots of 'Docker_java_build' build configuration were updated"
[2022-12-04 14:23:36,845]   INFO - s.buildServer.ACTIVITIES.AUDIT - vcs_root_create: VCS root ""Dokcer_simple-java-maven-app" {internal id=4, id=JavaProject_DokcerSimpleJavaMavenApp, description: "null#master"}" was created by "special user '' (Super user) {id=-42}" with comment "In project: java_project"
[2022-12-04 14:23:36,896]   INFO - s.buildServer.ACTIVITIES.AUDIT - build_type_edit_settings: "java_project / Docker_java_build {id=JavaProject_JavaBuild/bt1}" build configuration settings were edited ("version before: 44, version after: 45") by "special user '' (Super user) {id=-42}" with comment "'Dokcer_simple-java-maven-app' VCS root was created"
[2022-12-04 14:24:54,021]   INFO - s.buildServer.ACTIVITIES.AUDIT - build_type_edit_settings: "java_project / Docker_java_build {id=JavaProject_JavaBuild/bt1}" build configuration settings were edited ("version before: 45, version after: 46") by "special user '' (Super user) {id=-42}" with comment "runners of 'Docker_java_build' build configuration were updated"
[2022-12-04 14:24:59,930]   INFO - s.buildServer.ACTIVITIES.AUDIT - build_type_edit_settings: "java_project / Docker_java_build {id=JavaProject_JavaBuild/bt1}" build configuration settings were edited ("version before: 46, version after: 47") by "special user '' (Super user) {id=-42}" with comment "'Docker_java_build' build configuration settings were updated"
[2022-12-04 14:25:09,663]   INFO - s.buildServer.ACTIVITIES.AUDIT - build_add_to_queue: Build BUILD_PROMOTION{id=321} was added to queue by "special user '' (Super user) {id=-42}"
[2022-12-04 14:25:09,669]   INFO - tbrains.buildServer.ACTIVITIES - Build added to queue; Queued build {Build promotion {id=321, configuration={id=JavaProject_JavaBuild/bt1}, queued, creatorNodeId="MAIN_SERVER"}, triggered by "special user '' (Super user) {id=-42}" (##userId='-42' type='user')}
[2022-12-04 14:25:09,685]   INFO - tbrains.buildServer.ACTIVITIES - Build started; java_project / Docker_java_build {id=JavaProject_JavaBuild/bt1} #22 {id=321, agent="Agent 1-2" {id=1}, triggered by "special user '' (Super user) {id=-42}" (##userId='-42' type='user'). Started 2022-12-04 14:25:09.679, running}
[2022-12-04 14:27:50,387]   INFO - tbrains.buildServer.ACTIVITIES - Finished build java_project / Docker_java_build {id=JavaProject_JavaBuild/bt1} #22 {id=321, agent="Agent 1-2" {id=1}, triggered by "special user '' (Super user) {id=-42}" (##userId='-42' type='user'). Started 2022-12-04 14:25:10.533, finished. Status "NORMAL 'Running'"}
[2022-12-04 14:28:19,799]   INFO - s.buildServer.ACTIVITIES.AUDIT - build_type_edit_settings: "java_project / Docker_java_build {id=JavaProject_JavaBuild/bt1}" build configuration settings were edited ("version before: 47, version after: 48") by "special user '' (Super user) {id=-42}" with comment "runners of 'Docker_java_build' build configuration were updated"
[2022-12-04 14:28:22,798]   INFO - s.buildServer.ACTIVITIES.AUDIT - build_type_edit_settings: "java_project / Docker_java_build {id=JavaProject_JavaBuild/bt1}" build configuration settings were edited ("version before: 48, version after: 49") by "special user '' (Super user) {id=-42}" with comment "'Docker_java_build' build configuration settings were updated"
[2022-12-04 14:28:26,348]   INFO - s.buildServer.ACTIVITIES.AUDIT - build_add_to_queue: Build BUILD_PROMOTION{id=322} was added to queue by "special user '' (Super user) {id=-42}"
[2022-12-04 14:28:26,350]   INFO - tbrains.buildServer.ACTIVITIES - Build added to queue; Queued build {Build promotion {id=322, configuration={id=JavaProject_JavaBuild/bt1}, queued, creatorNodeId="MAIN_SERVER"}, triggered by "special user '' (Super user) {id=-42}" (##userId='-42' type='user')}
[2022-12-04 14:28:26,359]   INFO - tbrains.buildServer.ACTIVITIES - Build started; java_project / Docker_java_build {id=JavaProject_JavaBuild/bt1} #23 {id=322, agent="Agent 1-2" {id=1}, triggered by "special user '' (Super user) {id=-42}" (##userId='-42' type='user'). Started 2022-12-04 14:28:26.355, running}
[2022-12-04 14:29:24,714]   INFO - tbrains.buildServer.ACTIVITIES - Finished build java_project / Docker_java_build {id=JavaProject_JavaBuild/bt1} #23 {id=322, agent="Agent 1-2" {id=1}, triggered by "special user '' (Super user) {id=-42}" (##userId='-42' type='user'). Started 2022-12-04 14:28:28.692, finished. Status "NORMAL 'Running'"}
[2022-12-04 14:36:09,753]   INFO - s.buildServer.ACTIVITIES.AUDIT - build_type_edit_settings: "java_project / Docker_java_build {id=JavaProject_JavaBuild/bt1}" build configuration settings were edited ("version before: 49, version after: 50") by "special user '' (Super user) {id=-42}" with comment "runners of 'Docker_java_build' build configuration were updated"
[2022-12-04 14:36:29,967]   INFO - s.buildServer.ACTIVITIES.AUDIT - build_type_edit_settings: "java_project / Docker_java_build {id=JavaProject_JavaBuild/bt1}" build configuration settings were edited ("version before: 50, version after: 51") by "special user '' (Super user) {id=-42}" with comment "runners of 'Docker_java_build' build configuration were updated"
[2022-12-04 14:36:44,451]   INFO - s.buildServer.ACTIVITIES.AUDIT - build_type_edit_settings: "java_project / Docker_java_build {id=JavaProject_JavaBuild/bt1}" build configuration settings were edited ("version before: 51, version after: 52") by "special user '' (Super user) {id=-42}" with comment "runners of 'Docker_java_build' build configuration were updated"
[2022-12-04 14:36:51,255]   INFO - s.buildServer.ACTIVITIES.AUDIT - build_type_edit_settings: "java_project / Docker_java_build {id=JavaProject_JavaBuild/bt1}" build configuration settings were edited ("version before: 52, version after: 53") by "special user '' (Super user) {id=-42}" with comment "runners of 'Docker_java_build' build configuration were updated"
[2022-12-04 14:37:03,267]   INFO - s.buildServer.ACTIVITIES.AUDIT - build_add_to_queue: Build BUILD_PROMOTION{id=323} was added to queue by "special user '' (Super user) {id=-42}"
[2022-12-04 14:37:03,269]   INFO - tbrains.buildServer.ACTIVITIES - Build added to queue; Queued build {Build promotion {id=323, configuration={id=JavaProject_JavaBuild/bt1}, queued, creatorNodeId="MAIN_SERVER"}, triggered by "special user '' (Super user) {id=-42}" (##userId='-42' type='user')}
[2022-12-04 14:37:03,281]   INFO - tbrains.buildServer.ACTIVITIES - Build started; java_project / Docker_java_build {id=JavaProject_JavaBuild/bt1} #24 {id=323, agent="Agent 1-2" {id=1}, triggered by "special user '' (Super user) {id=-42}" (##userId='-42' type='user'). Started 2022-12-04 14:37:03.276, running}
[2022-12-04 14:37:58,099]   INFO - tbrains.buildServer.ACTIVITIES - Finished build java_project / Docker_java_build {id=JavaProject_JavaBuild/bt1} #24 {id=323, agent="Agent 1-2" {id=1}, triggered by "special user '' (Super user) {id=-42}" (##userId='-42' type='user'). Started 2022-12-04 14:37:03.742, finished. Status "NORMAL 'Running'"}
[2022-12-04 14:38:48,315]   INFO - s.buildServer.ACTIVITIES.AUDIT - build_type_edit_settings: "java_project / Docker_java_build {id=JavaProject_JavaBuild/bt1}" build configuration settings were edited ("version before: 53, version after: 54") by "special user '' (Super user) {id=-42}" with comment "runners of 'Docker_java_build' build configuration were updated"
[2022-12-04 14:39:11,691]   INFO - s.buildServer.ACTIVITIES.AUDIT - build_add_to_queue: Build BUILD_PROMOTION{id=324} was added to queue by "special user '' (Super user) {id=-42}"
[2022-12-04 14:39:11,695]   INFO - tbrains.buildServer.ACTIVITIES - Build added to queue; Queued build {Build promotion {id=324, configuration={id=JavaProject_JavaBuild/bt1}, queued, creatorNodeId="MAIN_SERVER"}, triggered by "special user '' (Super user) {id=-42}" (##userId='-42' type='user')}
[2022-12-04 14:39:11,706]   INFO - tbrains.buildServer.ACTIVITIES - Build started; java_project / Docker_java_build {id=JavaProject_JavaBuild/bt1} #25 {id=324, agent="Agent 1-2" {id=1}, triggered by "special user '' (Super user) {id=-42}" (##userId='-42' type='user'). Started 2022-12-04 14:39:11.701, running}
[2022-12-04 14:40:07,878]   INFO - tbrains.buildServer.ACTIVITIES - Finished build java_project / Docker_java_build {id=JavaProject_JavaBuild/bt1} #25 {id=324, agent="Agent 1-2" {id=1}, triggered by "special user '' (Super user) {id=-42}" (##userId='-42' type='user'). Started 2022-12-04 14:39:14.262, finished. Status "NORMAL 'Running'"}
[2022-12-04 14:43:46,807]   INFO - s.buildServer.ACTIVITIES.AUDIT - local_vcs_root_remove: VCS root ""https://github.com/fred-13/Kubernetes_practice.git" {internal id=1, id=JavaProject_HttpsGithubComFred13KubernetesPracticeGit, description: "https://github.com/fred-13/Kubernetes_practice.git#refs/heads/main"}" was removed from "java_project {id=JavaProject, internal id=project1}" by "special user '' (Super user) {id=-42}" with comment "'https://github.com/fred-13/Kubernetes_practice.git' VCS root was removed"
[2022-12-04 14:44:36,331]   INFO - s.buildServer.ACTIVITIES.AUDIT - build_type_edit_settings: "java_project / Java_APP_build {id=JavaProject_JavaAppBuild/bt2}" build configuration settings were edited ("version before: 31, version after: 32") by "special user '' (Super user) {id=-42}" with comment "runners of 'Java_APP_build' build configuration were updated"
[2022-12-04 14:45:26,818]   INFO - s.buildServer.ACTIVITIES.AUDIT - build_type_edit_settings: "java_project / Java_APP_build {id=JavaProject_JavaAppBuild/bt2}" build configuration settings were edited ("version before: 32, version after: 33") by "special user '' (Super user) {id=-42}" with comment "runners of 'Java_APP_build' build configuration were updated"
