[2022-12-03 10:29:09,640]   INFO -  jetbrains.buildServer.CLEANUP - Cleanup start time has been set to 3:00 daily
[2022-12-03 10:29:09,642]   INFO -  jetbrains.buildServer.CLEANUP - The next cleanup time is 2022-12-04 03:00:00.000
[2022-12-03 10:29:09,642]   INFO -  jetbrains.buildServer.CLEANUP - Cleanup is enabled
[2022-12-03 11:12:46,106]   INFO -  jetbrains.buildServer.CLEANUP - Cleanup start time has been set to 3:00 daily
[2022-12-03 11:12:46,108]   INFO -  jetbrains.buildServer.CLEANUP - The next cleanup time is 2022-12-04 03:00:00.000
[2022-12-03 11:12:46,108]   INFO -  jetbrains.buildServer.CLEANUP - Cleanup is enabled
[2022-12-03 13:37:07,119]   INFO -  jetbrains.buildServer.CLEANUP - Cleanup start time has been set to 3:00 daily
[2022-12-03 13:37:07,121]   INFO -  jetbrains.buildServer.CLEANUP - The next cleanup time is 2022-12-04 03:00:00.000
[2022-12-03 13:37:07,121]   INFO -  jetbrains.buildServer.CLEANUP - Cleanup is enabled
[2022-12-03 14:54:23,371]   INFO -  jetbrains.buildServer.CLEANUP - Cleanup start time has been set to 3:00 daily
[2022-12-03 14:54:23,373]   INFO -  jetbrains.buildServer.CLEANUP - The next cleanup time is 2022-12-04 03:00:00.000
[2022-12-03 14:54:23,373]   INFO -  jetbrains.buildServer.CLEANUP - Cleanup is enabled
[2022-12-04 08:39:12,297]   INFO -  jetbrains.buildServer.CLEANUP - Cleanup start time has been set to 3:00 daily
[2022-12-04 08:39:12,299]   INFO -  jetbrains.buildServer.CLEANUP - The next cleanup time is 2022-12-05 03:00:00.000
[2022-12-04 08:39:12,299]   INFO -  jetbrains.buildServer.CLEANUP - Cleanup is enabled
[2022-12-04 08:41:16,839]   INFO -  jetbrains.buildServer.CLEANUP - 		Fixed location of build artifacts directory: moved "/data/teamcity_server/datadir/system/artifacts/JavaProject/java_build/108" under "/data/teamcity_server/datadir/system/artifacts/JavaProject/Dcokerjava_build/108"
[2022-12-04 08:41:16,856]   INFO -  jetbrains.buildServer.CLEANUP - 		Fixed location of build artifacts directory: moved "/data/teamcity_server/datadir/system/artifacts/JavaProject/java_build/4" under "/data/teamcity_server/datadir/system/artifacts/JavaProject/Dcokerjava_build/4"
[2022-12-04 08:41:16,865]   INFO -  jetbrains.buildServer.CLEANUP - 		Fixed location of build artifacts directory: moved "/data/teamcity_server/datadir/system/artifacts/JavaProject/java_build/8" under "/data/teamcity_server/datadir/system/artifacts/JavaProject/Dcokerjava_build/8"
[2022-12-04 08:41:16,869]   INFO -  jetbrains.buildServer.CLEANUP - 		Fixed location of build artifacts directory: moved "/data/teamcity_server/datadir/system/artifacts/JavaProject/java_build/5" under "/data/teamcity_server/datadir/system/artifacts/JavaProject/Dcokerjava_build/5"
[2022-12-04 08:41:16,874]   INFO -  jetbrains.buildServer.CLEANUP - 		Fixed location of build artifacts directory: moved "/data/teamcity_server/datadir/system/artifacts/JavaProject/java_build/109" under "/data/teamcity_server/datadir/system/artifacts/JavaProject/Dcokerjava_build/109"
[2022-12-04 08:41:16,879]   INFO -  jetbrains.buildServer.CLEANUP - 		Fixed location of build artifacts directory: moved "/data/teamcity_server/datadir/system/artifacts/JavaProject/java_build/9" under "/data/teamcity_server/datadir/system/artifacts/JavaProject/Dcokerjava_build/9"
[2022-12-04 08:41:16,885]   INFO -  jetbrains.buildServer.CLEANUP - 		Fixed location of build artifacts directory: moved "/data/teamcity_server/datadir/system/artifacts/JavaProject/java_build/201" under "/data/teamcity_server/datadir/system/artifacts/JavaProject/Dcokerjava_build/201"
[2022-12-04 08:41:16,890]   INFO -  jetbrains.buildServer.CLEANUP - 		Fixed location of build artifacts directory: moved "/data/teamcity_server/datadir/system/artifacts/JavaProject/java_build/102" under "/data/teamcity_server/datadir/system/artifacts/JavaProject/Dcokerjava_build/102"
[2022-12-04 08:41:16,895]   INFO -  jetbrains.buildServer.CLEANUP - 		Fixed location of build artifacts directory: moved "/data/teamcity_server/datadir/system/artifacts/JavaProject/java_build/3" under "/data/teamcity_server/datadir/system/artifacts/JavaProject/Dcokerjava_build/3"
[2022-12-04 08:41:16,901]   INFO -  jetbrains.buildServer.CLEANUP - 		Fixed location of build artifacts directory: moved "/data/teamcity_server/datadir/system/artifacts/JavaProject/java_build/1" under "/data/teamcity_server/datadir/system/artifacts/JavaProject/Dcokerjava_build/1"
[2022-12-04 08:41:16,907]   INFO -  jetbrains.buildServer.CLEANUP - 		Fixed location of build artifacts directory: moved "/data/teamcity_server/datadir/system/artifacts/JavaProject/java_build/101" under "/data/teamcity_server/datadir/system/artifacts/JavaProject/Dcokerjava_build/101"
[2022-12-04 08:41:16,913]   INFO -  jetbrains.buildServer.CLEANUP - 		Fixed location of build artifacts directory: moved "/data/teamcity_server/datadir/system/artifacts/JavaProject/java_build/104" under "/data/teamcity_server/datadir/system/artifacts/JavaProject/Dcokerjava_build/104"
[2022-12-04 08:41:16,919]   INFO -  jetbrains.buildServer.CLEANUP - 		Fixed location of build artifacts directory: moved "/data/teamcity_server/datadir/system/artifacts/JavaProject/java_build/103" under "/data/teamcity_server/datadir/system/artifacts/JavaProject/Dcokerjava_build/103"
[2022-12-04 08:41:16,924]   INFO -  jetbrains.buildServer.CLEANUP - 		Fixed location of build artifacts directory: moved "/data/teamcity_server/datadir/system/artifacts/JavaProject/java_build/6" under "/data/teamcity_server/datadir/system/artifacts/JavaProject/Dcokerjava_build/6"
[2022-12-04 08:41:16,929]   INFO -  jetbrains.buildServer.CLEANUP - 		Fixed location of build artifacts directory: moved "/data/teamcity_server/datadir/system/artifacts/JavaProject/java_build/106" under "/data/teamcity_server/datadir/system/artifacts/JavaProject/Dcokerjava_build/106"
[2022-12-04 08:41:16,934]   INFO -  jetbrains.buildServer.CLEANUP - 		Fixed location of build artifacts directory: moved "/data/teamcity_server/datadir/system/artifacts/JavaProject/java_build/2" under "/data/teamcity_server/datadir/system/artifacts/JavaProject/Dcokerjava_build/2"
[2022-12-04 08:41:16,940]   INFO -  jetbrains.buildServer.CLEANUP - 		Fixed location of build artifacts directory: moved "/data/teamcity_server/datadir/system/artifacts/JavaProject/java_build/7" under "/data/teamcity_server/datadir/system/artifacts/JavaProject/Dcokerjava_build/7"
[2022-12-04 08:41:16,945]   INFO -  jetbrains.buildServer.CLEANUP - 		Fixed location of build artifacts directory: moved "/data/teamcity_server/datadir/system/artifacts/JavaProject/java_build/107" under "/data/teamcity_server/datadir/system/artifacts/JavaProject/Dcokerjava_build/107"
[2022-12-04 08:41:16,950]   INFO -  jetbrains.buildServer.CLEANUP - 		Fixed location of build artifacts directory: moved "/data/teamcity_server/datadir/system/artifacts/JavaProject/java_build/105" under "/data/teamcity_server/datadir/system/artifacts/JavaProject/Dcokerjava_build/105"
[2022-12-04 08:41:27,800]   INFO -  jetbrains.buildServer.CLEANUP - 		Fixed location of build artifacts directory: moved "/data/teamcity_server/datadir/system/artifacts/JavaProject/Dcokerjava_build/108" under "/data/teamcity_server/datadir/system/artifacts/JavaProject/Docker_java_build/108"
[2022-12-04 08:41:27,803]   INFO -  jetbrains.buildServer.CLEANUP - 		Fixed location of build artifacts directory: moved "/data/teamcity_server/datadir/system/artifacts/JavaProject/Dcokerjava_build/4" under "/data/teamcity_server/datadir/system/artifacts/JavaProject/Docker_java_build/4"
[2022-12-04 08:41:27,806]   INFO -  jetbrains.buildServer.CLEANUP - 		Fixed location of build artifacts directory: moved "/data/teamcity_server/datadir/system/artifacts/JavaProject/Dcokerjava_build/8" under "/data/teamcity_server/datadir/system/artifacts/JavaProject/Docker_java_build/8"
[2022-12-04 08:41:27,808]   INFO -  jetbrains.buildServer.CLEANUP - 		Fixed location of build artifacts directory: moved "/data/teamcity_server/datadir/system/artifacts/JavaProject/Dcokerjava_build/5" under "/data/teamcity_server/datadir/system/artifacts/JavaProject/Docker_java_build/5"
[2022-12-04 08:41:27,812]   INFO -  jetbrains.buildServer.CLEANUP - 		Fixed location of build artifacts directory: moved "/data/teamcity_server/datadir/system/artifacts/JavaProject/Dcokerjava_build/109" under "/data/teamcity_server/datadir/system/artifacts/JavaProject/Docker_java_build/109"
[2022-12-04 08:41:27,816]   INFO -  jetbrains.buildServer.CLEANUP - 		Fixed location of build artifacts directory: moved "/data/teamcity_server/datadir/system/artifacts/JavaProject/Dcokerjava_build/9" under "/data/teamcity_server/datadir/system/artifacts/JavaProject/Docker_java_build/9"
[2022-12-04 08:41:27,818]   INFO -  jetbrains.buildServer.CLEANUP - 		Fixed location of build artifacts directory: moved "/data/teamcity_server/datadir/system/artifacts/JavaProject/Dcokerjava_build/201" under "/data/teamcity_server/datadir/system/artifacts/JavaProject/Docker_java_build/201"
[2022-12-04 08:41:27,822]   INFO -  jetbrains.buildServer.CLEANUP - 		Fixed location of build artifacts directory: moved "/data/teamcity_server/datadir/system/artifacts/JavaProject/Dcokerjava_build/102" under "/data/teamcity_server/datadir/system/artifacts/JavaProject/Docker_java_build/102"
[2022-12-04 08:41:27,826]   INFO -  jetbrains.buildServer.CLEANUP - 		Fixed location of build artifacts directory: moved "/data/teamcity_server/datadir/system/artifacts/JavaProject/Dcokerjava_build/3" under "/data/teamcity_server/datadir/system/artifacts/JavaProject/Docker_java_build/3"
[2022-12-04 08:41:27,829]   INFO -  jetbrains.buildServer.CLEANUP - 		Fixed location of build artifacts directory: moved "/data/teamcity_server/datadir/system/artifacts/JavaProject/Dcokerjava_build/1" under "/data/teamcity_server/datadir/system/artifacts/JavaProject/Docker_java_build/1"
[2022-12-04 08:41:27,832]   INFO -  jetbrains.buildServer.CLEANUP - 		Fixed location of build artifacts directory: moved "/data/teamcity_server/datadir/system/artifacts/JavaProject/Dcokerjava_build/101" under "/data/teamcity_server/datadir/system/artifacts/JavaProject/Docker_java_build/101"
[2022-12-04 08:41:27,836]   INFO -  jetbrains.buildServer.CLEANUP - 		Fixed location of build artifacts directory: moved "/data/teamcity_server/datadir/system/artifacts/JavaProject/Dcokerjava_build/104" under "/data/teamcity_server/datadir/system/artifacts/JavaProject/Docker_java_build/104"
[2022-12-04 08:41:27,839]   INFO -  jetbrains.buildServer.CLEANUP - 		Fixed location of build artifacts directory: moved "/data/teamcity_server/datadir/system/artifacts/JavaProject/Dcokerjava_build/103" under "/data/teamcity_server/datadir/system/artifacts/JavaProject/Docker_java_build/103"
[2022-12-04 08:41:27,844]   INFO -  jetbrains.buildServer.CLEANUP - 		Fixed location of build artifacts directory: moved "/data/teamcity_server/datadir/system/artifacts/JavaProject/Dcokerjava_build/6" under "/data/teamcity_server/datadir/system/artifacts/JavaProject/Docker_java_build/6"
[2022-12-04 08:41:27,848]   INFO -  jetbrains.buildServer.CLEANUP - 		Fixed location of build artifacts directory: moved "/data/teamcity_server/datadir/system/artifacts/JavaProject/Dcokerjava_build/106" under "/data/teamcity_server/datadir/system/artifacts/JavaProject/Docker_java_build/106"
[2022-12-04 08:41:27,850]   INFO -  jetbrains.buildServer.CLEANUP - 		Fixed location of build artifacts directory: moved "/data/teamcity_server/datadir/system/artifacts/JavaProject/Dcokerjava_build/2" under "/data/teamcity_server/datadir/system/artifacts/JavaProject/Docker_java_build/2"
[2022-12-04 08:41:27,853]   INFO -  jetbrains.buildServer.CLEANUP - 		Fixed location of build artifacts directory: moved "/data/teamcity_server/datadir/system/artifacts/JavaProject/Dcokerjava_build/7" under "/data/teamcity_server/datadir/system/artifacts/JavaProject/Docker_java_build/7"
[2022-12-04 08:41:27,855]   INFO -  jetbrains.buildServer.CLEANUP - 		Fixed location of build artifacts directory: moved "/data/teamcity_server/datadir/system/artifacts/JavaProject/Dcokerjava_build/107" under "/data/teamcity_server/datadir/system/artifacts/JavaProject/Docker_java_build/107"
[2022-12-04 08:41:27,858]   INFO -  jetbrains.buildServer.CLEANUP - 		Fixed location of build artifacts directory: moved "/data/teamcity_server/datadir/system/artifacts/JavaProject/Dcokerjava_build/105" under "/data/teamcity_server/datadir/system/artifacts/JavaProject/Docker_java_build/105"
[2022-12-04 10:38:39,177]   INFO -  jetbrains.buildServer.CLEANUP - Removed 75 multi-node tasks finished before 2022-12-04 02:38:39.157
