[2022-12-03 10:29:09,561]   INFO [id: MAIN_SERVER] - .APIController/rest-api-2017.2 - Listening for paths [/app/rest/2017.2] in plugin 'rest-api-2017.2'
[2022-12-03 10:29:09,564]   INFO [id: MAIN_SERVER] - er.rest.APIController/rest-api - Listening for paths [/app/rest/2018.1, /app/rest, /app/rest/latest, /app/rest/ui, /api, /app/graphql] in plugin 'rest-api'
[2022-12-03 10:29:09,567]   INFO [id: MAIN_SERVER] - .APIController/rest-api-2017.1 - Listening for paths [/app/rest/2017.1, /app/rest/10.0] in plugin 'rest-api-2017.1'
[2022-12-03 10:29:09,624]   INFO [in 'rest-api' 1] - nsAwareResourceConfig/rest-api - Packages registered by rest extensions: [jetbrains.buildServer.compare, jetbrains.buildServer.server.restcontrib]
[2022-12-03 10:29:10,487]   INFO [in 'rest-api' 1] - nsAwareResourceConfig/rest-api - Root resource classes found:
  class jetbrains.buildServer.server.rest.request.ProjectRequest
  class jetbrains.buildServer.server.rest.request.RootApiRequest
  class jetbrains.buildServer.server.rest.request.TestScopesRequest
  class jetbrains.buildServer.server.rest.request.MuteRequest
  class jetbrains.buildServer.server.rest.request.TestOccurrenceRequest
  class jetbrains.buildServer.server.rest.request.VcsRootInstanceRequest
  class jetbrains.buildServer.server.rest.request.CloudRequest
  class jetbrains.buildServer.server.rest.request.HealthRequest
  class jetbrains.buildServer.server.rest.request.GroupRequest
  class jetbrains.buildServer.server.rest.swagger.SwaggerUI
  class jetbrains.buildServer.server.restcontrib.cctray.request.CCTrayRequest
  class jetbrains.buildServer.server.rest.request.BuildQueueRequest
  class jetbrains.buildServer.server.rest.request.DebugRequest
  class jetbrains.buildServer.server.rest.request.ServerRequest
  class jetbrains.buildServer.server.rest.request.AuditRequest
  class jetbrains.buildServer.server.rest.request.FederationRequest
  class jetbrains.buildServer.server.rest.request.ProblemRequest
  class jetbrains.buildServer.server.rest.request.UserRequest
  class jetbrains.buildServer.server.rest.request.ProblemOccurrenceRequest
  class jetbrains.buildServer.server.rest.request.ChangeRequest
  class jetbrains.buildServer.server.rest.request.AgentPoolRequest
  class jetbrains.buildServer.server.rest.swagger.SwaggerResource
  class jetbrains.buildServer.server.rest.request.BuildTypeRequest
  class jetbrains.buildServer.server.rest.request.AgentRequest
  class jetbrains.buildServer.server.rest.request.TestRequest
  class jetbrains.buildServer.server.rest.request.VcsRootRequest
  class jetbrains.buildServer.server.rest.request.BuildRequest
  class jetbrains.buildServer.compare.rest.BuildsCompareEndpoint
  class jetbrains.buildServer.server.rest.request.InvestigationRequest
[2022-12-03 10:29:10,487]   INFO [in 'rest-api' 1] - nsAwareResourceConfig/rest-api - Provider classes found:
  class jetbrains.buildServer.server.rest.swagger.SwaggerReaderConfigProvider
  class jetbrains.buildServer.server.rest.swagger.SwaggerSerializers
  class jetbrains.buildServer.server.rest.swagger.SwaggerConfigProvider
[2022-12-03 10:29:10,487]   INFO [in 'rest-api' 1] - nsAwareResourceConfig/rest-api - Locator classes found:
  class jetbrains.buildServer.server.rest.data.AgentFinder
  class jetbrains.buildServer.server.rest.data.problem.ProblemFinder
  class jetbrains.buildServer.server.rest.data.VcsRootFinder
  class jetbrains.buildServer.server.rest.data.BuildTypeFinder
  class jetbrains.buildServer.server.rest.data.VcsRootInstanceFinder
  class jetbrains.buildServer.server.rest.data.UserFinder
  class jetbrains.buildServer.server.rest.data.BranchFinder
  class jetbrains.buildServer.server.rest.data.AuditEventFinder
  class jetbrains.buildServer.server.rest.data.problem.TestFinder
  class jetbrains.buildServer.server.rest.data.BuildPromotionFinder
  class jetbrains.buildServer.server.rest.data.ProjectFinder
  class jetbrains.buildServer.server.rest.data.investigations.InvestigationFinder
  class jetbrains.buildServer.server.rest.data.ChangeFinder
  class jetbrains.buildServer.server.rest.data.problem.TestOccurrenceFinder
  class jetbrains.buildServer.server.rest.data.mutes.MuteFinder
  class jetbrains.buildServer.server.rest.data.UserGroupFinder
  class jetbrains.buildServer.server.rest.data.QueuedBuildFinder
  class jetbrains.buildServer.server.rest.data.build.TagFinder
  class jetbrains.buildServer.server.rest.data.problem.ProblemOccurrenceFinder
  class jetbrains.buildServer.server.rest.data.AgentPoolFinder
[2022-12-03 11:12:46,029]   INFO [id: MAIN_SERVER] - .APIController/rest-api-2017.1 - Listening for paths [/app/rest/2017.1, /app/rest/10.0] in plugin 'rest-api-2017.1'
[2022-12-03 11:12:46,031]   INFO [id: MAIN_SERVER] - .APIController/rest-api-2017.2 - Listening for paths [/app/rest/2017.2] in plugin 'rest-api-2017.2'
[2022-12-03 11:12:46,034]   INFO [id: MAIN_SERVER] - er.rest.APIController/rest-api - Listening for paths [/app/rest/2018.1, /app/rest, /app/rest/latest, /app/rest/ui, /api, /app/graphql] in plugin 'rest-api'
[2022-12-03 11:12:46,104]   INFO [in 'rest-api' 1] - nsAwareResourceConfig/rest-api - Packages registered by rest extensions: [jetbrains.buildServer.compare, jetbrains.buildServer.server.restcontrib]
[2022-12-03 11:12:47,233]   INFO [in 'rest-api' 1] - nsAwareResourceConfig/rest-api - Root resource classes found:
  class jetbrains.buildServer.server.rest.request.HealthRequest
  class jetbrains.buildServer.server.rest.request.CloudRequest
  class jetbrains.buildServer.server.rest.request.TestRequest
  class jetbrains.buildServer.server.rest.swagger.SwaggerUI
  class jetbrains.buildServer.server.rest.request.ProblemRequest
  class jetbrains.buildServer.server.rest.request.RootApiRequest
  class jetbrains.buildServer.server.rest.request.VcsRootInstanceRequest
  class jetbrains.buildServer.server.rest.request.DebugRequest
  class jetbrains.buildServer.server.rest.request.FederationRequest
  class jetbrains.buildServer.server.rest.request.BuildTypeRequest
  class jetbrains.buildServer.server.rest.request.BuildRequest
  class jetbrains.buildServer.server.rest.swagger.SwaggerResource
  class jetbrains.buildServer.server.rest.request.BuildQueueRequest
  class jetbrains.buildServer.server.rest.request.GroupRequest
  class jetbrains.buildServer.server.rest.request.AuditRequest
  class jetbrains.buildServer.server.rest.request.UserRequest
  class jetbrains.buildServer.server.rest.request.TestOccurrenceRequest
  class jetbrains.buildServer.server.rest.request.VcsRootRequest
  class jetbrains.buildServer.compare.rest.BuildsCompareEndpoint
  class jetbrains.buildServer.server.rest.request.ServerRequest
  class jetbrains.buildServer.server.rest.request.AgentRequest
  class jetbrains.buildServer.server.rest.request.TestScopesRequest
  class jetbrains.buildServer.server.restcontrib.cctray.request.CCTrayRequest
  class jetbrains.buildServer.server.rest.request.MuteRequest
  class jetbrains.buildServer.server.rest.request.ProblemOccurrenceRequest
  class jetbrains.buildServer.server.rest.request.ChangeRequest
  class jetbrains.buildServer.server.rest.request.ProjectRequest
  class jetbrains.buildServer.server.rest.request.AgentPoolRequest
  class jetbrains.buildServer.server.rest.request.InvestigationRequest
[2022-12-03 11:12:47,233]   INFO [in 'rest-api' 1] - nsAwareResourceConfig/rest-api - Provider classes found:
  class jetbrains.buildServer.server.rest.swagger.SwaggerSerializers
  class jetbrains.buildServer.server.rest.swagger.SwaggerConfigProvider
  class jetbrains.buildServer.server.rest.swagger.SwaggerReaderConfigProvider
[2022-12-03 11:12:47,233]   INFO [in 'rest-api' 1] - nsAwareResourceConfig/rest-api - Locator classes found:
  class jetbrains.buildServer.server.rest.data.build.TagFinder
  class jetbrains.buildServer.server.rest.data.AgentFinder
  class jetbrains.buildServer.server.rest.data.problem.ProblemOccurrenceFinder
  class jetbrains.buildServer.server.rest.data.BuildTypeFinder
  class jetbrains.buildServer.server.rest.data.ChangeFinder
  class jetbrains.buildServer.server.rest.data.VcsRootFinder
  class jetbrains.buildServer.server.rest.data.UserFinder
  class jetbrains.buildServer.server.rest.data.ProjectFinder
  class jetbrains.buildServer.server.rest.data.VcsRootInstanceFinder
  class jetbrains.buildServer.server.rest.data.problem.TestFinder
  class jetbrains.buildServer.server.rest.data.BuildPromotionFinder
  class jetbrains.buildServer.server.rest.data.UserGroupFinder
  class jetbrains.buildServer.server.rest.data.problem.TestOccurrenceFinder
  class jetbrains.buildServer.server.rest.data.BranchFinder
  class jetbrains.buildServer.server.rest.data.investigations.InvestigationFinder
  class jetbrains.buildServer.server.rest.data.problem.ProblemFinder
  class jetbrains.buildServer.server.rest.data.QueuedBuildFinder
  class jetbrains.buildServer.server.rest.data.mutes.MuteFinder
  class jetbrains.buildServer.server.rest.data.AgentPoolFinder
  class jetbrains.buildServer.server.rest.data.AuditEventFinder
[2022-12-03 13:37:07,084]   INFO [id: MAIN_SERVER] - er.rest.APIController/rest-api - Listening for paths [/app/rest/2018.1, /app/rest, /app/rest/latest, /app/rest/ui, /api, /app/graphql] in plugin 'rest-api'
[2022-12-03 13:37:07,133]   INFO [in 'rest-api' 1] - nsAwareResourceConfig/rest-api - Packages registered by rest extensions: [jetbrains.buildServer.compare, jetbrains.buildServer.server.restcontrib]
[2022-12-03 13:37:08,135]   INFO [in 'rest-api' 1] - nsAwareResourceConfig/rest-api - Root resource classes found:
  class jetbrains.buildServer.server.rest.request.ServerRequest
  class jetbrains.buildServer.server.rest.request.HealthRequest
  class jetbrains.buildServer.server.rest.request.FederationRequest
  class jetbrains.buildServer.server.rest.request.RootApiRequest
  class jetbrains.buildServer.server.rest.request.MuteRequest
  class jetbrains.buildServer.server.rest.request.AgentRequest
  class jetbrains.buildServer.server.rest.request.TestRequest
  class jetbrains.buildServer.server.restcontrib.cctray.request.CCTrayRequest
  class jetbrains.buildServer.server.rest.request.InvestigationRequest
  class jetbrains.buildServer.server.rest.request.AgentPoolRequest
  class jetbrains.buildServer.server.rest.request.TestOccurrenceRequest
  class jetbrains.buildServer.server.rest.request.AvatarRequest
  class jetbrains.buildServer.server.rest.request.TwoFactorRequest
  class jetbrains.buildServer.server.rest.request.BuildQueueRequest
  class jetbrains.buildServer.server.rest.request.NodesRequest
  class jetbrains.buildServer.server.rest.request.GroupRequest
  class jetbrains.buildServer.server.rest.request.ProblemOccurrenceRequest
  class jetbrains.buildServer.server.rest.request.BuildTypeRequest
  class jetbrains.buildServer.server.rest.request.AuditRequest
  class jetbrains.buildServer.server.rest.request.UserRequest
  class jetbrains.buildServer.server.rest.request.DebugRequest
  class jetbrains.buildServer.server.rest.request.BuildRequest
  class jetbrains.buildServer.server.rest.request.ProjectRequest
  class jetbrains.buildServer.server.rest.swagger.SwaggerUI
  class jetbrains.buildServer.server.rest.request.ChangeRequest
  class jetbrains.buildServer.server.rest.request.VcsRootInstanceRequest
  class jetbrains.buildServer.server.rest.swagger.SwaggerResource
  class jetbrains.buildServer.compare.rest.BuildsCompareEndpoint
  class jetbrains.buildServer.server.rest.request.TestScopesRequest
  class jetbrains.buildServer.server.rest.request.VcsRootRequest
  class jetbrains.buildServer.server.rest.request.CloudRequest
  class jetbrains.buildServer.server.rest.request.ProblemRequest
[2022-12-03 13:37:08,135]   INFO [in 'rest-api' 1] - nsAwareResourceConfig/rest-api - Provider classes found:
  class jetbrains.buildServer.server.rest.swagger.SwaggerConfigProvider
  class jetbrains.buildServer.server.rest.swagger.SwaggerSerializers
  class jetbrains.buildServer.server.rest.swagger.SwaggerReaderConfigProvider
[2022-12-03 13:37:08,135]   INFO [in 'rest-api' 1] - nsAwareResourceConfig/rest-api - Locator classes found:
  class jetbrains.buildServer.server.rest.data.CloudInstanceFinder
  class jetbrains.buildServer.server.rest.data.VcsRootFinder
  class jetbrains.buildServer.server.rest.data.UserGroupFinder
  class jetbrains.buildServer.server.rest.data.problem.TestOccurrenceFinder
  class jetbrains.buildServer.server.rest.data.TeamCityNodeFinder
  class jetbrains.buildServer.server.rest.data.UserFinder
  class jetbrains.buildServer.server.rest.data.problem.ProblemFinder
  class jetbrains.buildServer.server.rest.data.BuildTypeFinder
  class jetbrains.buildServer.server.rest.data.CloudProfileFinder
  class jetbrains.buildServer.server.rest.data.AgentFinder
  class jetbrains.buildServer.server.rest.data.investigations.InvestigationFinder
  class jetbrains.buildServer.server.rest.data.BranchFinder
  class jetbrains.buildServer.server.rest.data.CloudImageFinder
  class jetbrains.buildServer.server.rest.data.VcsRootInstanceFinder
  class jetbrains.buildServer.server.rest.data.build.TagFinder
  class jetbrains.buildServer.server.rest.data.ChangeFinder
  class jetbrains.buildServer.server.rest.data.AuditEventFinder
  class jetbrains.buildServer.server.rest.data.problem.ProblemOccurrenceFinder
  class jetbrains.buildServer.server.rest.data.BuildPromotionFinder
  class jetbrains.buildServer.server.rest.data.AgentPoolFinder
  class jetbrains.buildServer.server.rest.data.mutes.MuteFinder
  class jetbrains.buildServer.server.rest.data.QueuedBuildFinder
  class jetbrains.buildServer.server.rest.data.problem.TestFinder
  class jetbrains.buildServer.server.rest.data.ProjectFinder
[2022-12-03 14:54:23,317]   INFO [id: MAIN_SERVER] - er.rest.APIController/rest-api - Listening for paths [/app/rest/2018.1, /app/rest, /app/rest/latest, /app/rest/ui, /api, /app/graphql] in plugin 'rest-api'
[2022-12-03 14:54:23,394]   INFO [in 'rest-api' 1] - nsAwareResourceConfig/rest-api - Packages registered by rest extensions: [jetbrains.buildServer.compare, jetbrains.buildServer.server.restcontrib]
[2022-12-03 14:54:24,514]   INFO [in 'rest-api' 1] - nsAwareResourceConfig/rest-api - Root resource classes found:
  class jetbrains.buildServer.server.rest.swagger.SwaggerResource
  class jetbrains.buildServer.server.rest.request.VcsRootRequest
  class jetbrains.buildServer.server.rest.request.ChangeRequest
  class jetbrains.buildServer.server.rest.request.GroupRequest
  class jetbrains.buildServer.server.rest.request.BuildTypeRequest
  class jetbrains.buildServer.server.rest.request.ProblemOccurrenceRequest
  class jetbrains.buildServer.server.rest.request.UserRequest
  class jetbrains.buildServer.server.rest.request.AgentRequest
  class jetbrains.buildServer.server.rest.swagger.SwaggerUI
  class jetbrains.buildServer.server.rest.request.InvestigationRequest
  class jetbrains.buildServer.server.rest.request.MuteRequest
  class jetbrains.buildServer.server.rest.request.AgentPoolRequest
  class jetbrains.buildServer.server.rest.request.TestOccurrenceRequest
  class jetbrains.buildServer.server.rest.request.AvatarRequest
  class jetbrains.buildServer.server.rest.request.TestScopesRequest
  class jetbrains.buildServer.server.rest.request.AuditRequest
  class jetbrains.buildServer.server.rest.request.CloudRequest
  class jetbrains.buildServer.server.rest.request.ProblemRequest
  class jetbrains.buildServer.server.rest.request.TwoFactorRequest
  class jetbrains.buildServer.server.rest.request.BuildQueueRequest
  class jetbrains.buildServer.server.rest.request.DebugRequest
  class jetbrains.buildServer.server.rest.request.TestRequest
  class jetbrains.buildServer.server.rest.request.NodesRequest
  class jetbrains.buildServer.server.rest.request.ServerRequest
  class jetbrains.buildServer.server.rest.request.VcsRootInstanceRequest
  class jetbrains.buildServer.server.rest.request.FederationRequest
  class jetbrains.buildServer.server.rest.request.ProjectRequest
  class jetbrains.buildServer.compare.rest.BuildsCompareEndpoint
  class jetbrains.buildServer.server.rest.request.BuildRequest
  class jetbrains.buildServer.server.rest.request.RootApiRequest
  class jetbrains.buildServer.server.restcontrib.cctray.request.CCTrayRequest
  class jetbrains.buildServer.server.rest.request.HealthRequest
[2022-12-03 14:54:24,515]   INFO [in 'rest-api' 1] - nsAwareResourceConfig/rest-api - Provider classes found:
  class jetbrains.buildServer.server.rest.swagger.SwaggerReaderConfigProvider
  class jetbrains.buildServer.server.rest.swagger.SwaggerConfigProvider
  class jetbrains.buildServer.server.rest.swagger.SwaggerSerializers
[2022-12-03 14:54:24,515]   INFO [in 'rest-api' 1] - nsAwareResourceConfig/rest-api - Locator classes found:
  class jetbrains.buildServer.server.rest.data.problem.TestFinder
  class jetbrains.buildServer.server.rest.data.build.TagFinder
  class jetbrains.buildServer.server.rest.data.CloudImageFinder
  class jetbrains.buildServer.server.rest.data.problem.ProblemOccurrenceFinder
  class jetbrains.buildServer.server.rest.data.UserFinder
  class jetbrains.buildServer.server.rest.data.BuildTypeFinder
  class jetbrains.buildServer.server.rest.data.VcsRootInstanceFinder
  class jetbrains.buildServer.server.rest.data.mutes.MuteFinder
  class jetbrains.buildServer.server.rest.data.AgentPoolFinder
  class jetbrains.buildServer.server.rest.data.CloudInstanceFinder
  class jetbrains.buildServer.server.rest.data.QueuedBuildFinder
  class jetbrains.buildServer.server.rest.data.UserGroupFinder
  class jetbrains.buildServer.server.rest.data.TeamCityNodeFinder
  class jetbrains.buildServer.server.rest.data.ProjectFinder
  class jetbrains.buildServer.server.rest.data.problem.ProblemFinder
  class jetbrains.buildServer.server.rest.data.AgentFinder
  class jetbrains.buildServer.server.rest.data.AuditEventFinder
  class jetbrains.buildServer.server.rest.data.VcsRootFinder
  class jetbrains.buildServer.server.rest.data.ChangeFinder
  class jetbrains.buildServer.server.rest.data.investigations.InvestigationFinder
  class jetbrains.buildServer.server.rest.data.BuildPromotionFinder
  class jetbrains.buildServer.server.rest.data.CloudProfileFinder
  class jetbrains.buildServer.server.rest.data.BranchFinder
  class jetbrains.buildServer.server.rest.data.problem.TestOccurrenceFinder
[2022-12-04 08:39:12,253]   INFO [id: MAIN_SERVER] - er.rest.APIController/rest-api - Listening for paths [/app/rest/2018.1, /app/rest, /app/rest/latest, /app/rest/ui, /api, /app/graphql] in plugin 'rest-api'
[2022-12-04 08:39:12,322]   INFO [in 'rest-api' 1] - nsAwareResourceConfig/rest-api - Packages registered by rest extensions: [jetbrains.buildServer.compare, jetbrains.buildServer.server.restcontrib]
[2022-12-04 08:39:13,406]   INFO [in 'rest-api' 1] - nsAwareResourceConfig/rest-api - Root resource classes found:
  class jetbrains.buildServer.server.rest.request.AgentPoolRequest
  class jetbrains.buildServer.server.rest.request.ProblemRequest
  class jetbrains.buildServer.server.rest.request.TestRequest
  class jetbrains.buildServer.server.rest.request.VcsRootRequest
  class jetbrains.buildServer.server.rest.request.TestScopesRequest
  class jetbrains.buildServer.server.rest.request.CloudRequest
  class jetbrains.buildServer.server.rest.request.HealthRequest
  class jetbrains.buildServer.server.rest.request.ServerRequest
  class jetbrains.buildServer.server.rest.request.TestOccurrenceRequest
  class jetbrains.buildServer.server.rest.request.ProjectRequest
  class jetbrains.buildServer.server.rest.request.FederationRequest
  class jetbrains.buildServer.server.rest.request.AgentRequest
  class jetbrains.buildServer.server.rest.request.NodesRequest
  class jetbrains.buildServer.server.rest.request.BuildRequest
  class jetbrains.buildServer.server.rest.request.BuildQueueRequest
  class jetbrains.buildServer.server.rest.request.TwoFactorRequest
  class jetbrains.buildServer.server.restcontrib.cctray.request.CCTrayRequest
  class jetbrains.buildServer.server.rest.request.DebugRequest
  class jetbrains.buildServer.server.rest.request.AuditRequest
  class jetbrains.buildServer.server.rest.request.GroupRequest
  class jetbrains.buildServer.server.rest.swagger.SwaggerResource
  class jetbrains.buildServer.server.rest.request.BuildTypeRequest
  class jetbrains.buildServer.compare.rest.BuildsCompareEndpoint
  class jetbrains.buildServer.server.rest.request.AvatarRequest
  class jetbrains.buildServer.server.rest.request.MuteRequest
  class jetbrains.buildServer.server.rest.request.UserRequest
  class jetbrains.buildServer.server.rest.swagger.SwaggerUI
  class jetbrains.buildServer.server.rest.request.ProblemOccurrenceRequest
  class jetbrains.buildServer.server.rest.request.InvestigationRequest
  class jetbrains.buildServer.server.rest.request.VcsRootInstanceRequest
  class jetbrains.buildServer.server.rest.request.RootApiRequest
  class jetbrains.buildServer.server.rest.request.ChangeRequest
[2022-12-04 08:39:13,407]   INFO [in 'rest-api' 1] - nsAwareResourceConfig/rest-api - Provider classes found:
  class jetbrains.buildServer.server.rest.swagger.SwaggerConfigProvider
  class jetbrains.buildServer.server.rest.swagger.SwaggerSerializers
  class jetbrains.buildServer.server.rest.swagger.SwaggerReaderConfigProvider
[2022-12-04 08:39:13,407]   INFO [in 'rest-api' 1] - nsAwareResourceConfig/rest-api - Locator classes found:
  class jetbrains.buildServer.server.rest.data.investigations.InvestigationFinder
  class jetbrains.buildServer.server.rest.data.UserGroupFinder
  class jetbrains.buildServer.server.rest.data.AuditEventFinder
  class jetbrains.buildServer.server.rest.data.build.TagFinder
  class jetbrains.buildServer.server.rest.data.UserFinder
  class jetbrains.buildServer.server.rest.data.ChangeFinder
  class jetbrains.buildServer.server.rest.data.BranchFinder
  class jetbrains.buildServer.server.rest.data.mutes.MuteFinder
  class jetbrains.buildServer.server.rest.data.problem.ProblemFinder
  class jetbrains.buildServer.server.rest.data.BuildTypeFinder
  class jetbrains.buildServer.server.rest.data.CloudProfileFinder
  class jetbrains.buildServer.server.rest.data.QueuedBuildFinder
  class jetbrains.buildServer.server.rest.data.ProjectFinder
  class jetbrains.buildServer.server.rest.data.problem.TestFinder
  class jetbrains.buildServer.server.rest.data.AgentFinder
  class jetbrains.buildServer.server.rest.data.VcsRootFinder
  class jetbrains.buildServer.server.rest.data.VcsRootInstanceFinder
  class jetbrains.buildServer.server.rest.data.BuildPromotionFinder
  class jetbrains.buildServer.server.rest.data.CloudInstanceFinder
  class jetbrains.buildServer.server.rest.data.AgentPoolFinder
  class jetbrains.buildServer.server.rest.data.TeamCityNodeFinder
  class jetbrains.buildServer.server.rest.data.problem.TestOccurrenceFinder
  class jetbrains.buildServer.server.rest.data.problem.ProblemOccurrenceFinder
  class jetbrains.buildServer.server.rest.data.CloudImageFinder
