[2022-12-03 10:28:59,538]   INFO - r.maven.remote.MavenServerImpl - Starting maven server with following arguments: [teamcity-mavenServer] 
[2022-12-03 10:28:59,669]   INFO - r.maven.remote.MavenServerImpl - Successfully created registry using port [56499] 
[2022-12-03 10:28:59,670]   INFO - r.maven.remote.MavenServerImpl - Successfully bound Maven Server to name: [teamcity-mavenServer] 
[2022-12-03 10:28:59,709]   INFO - r.maven.remote.MavenServerImpl - using name of running JVM: [266@90bc37bcc6b2] 
[2022-12-03 10:28:59,709]   INFO - r.maven.remote.MavenServerImpl - Printed following string to output: [266/56499] 
[2022-12-03 10:38:57,509]   INFO - r.maven.remote.MavenServerImpl - Shutting down. Reason [MavenEmbedderFactory shutdown called in thread [TC: 10:38:56 Processing 112 listeners for serverShutdown; 10:38:56 Stage: TeamCity server is shutting down; TeamCity Server (version 2021.1 build 92597 started 2022-12-03 10:28:25.948), node id: MAIN_SERVER]] 
[2022-12-03 10:38:57,509]   INFO - r.maven.remote.MavenServerImpl - Shutdown sequence complete 
[2022-12-03 10:38:57,510]   INFO - r.maven.remote.MavenServerImpl - The JVM is shutting down. 
[2022-12-03 11:12:35,256]   INFO - r.maven.remote.MavenServerImpl - Starting maven server with following arguments: [teamcity-mavenServer] 
[2022-12-03 11:12:35,473]   INFO - r.maven.remote.MavenServerImpl - Successfully created registry using port [57492] 
[2022-12-03 11:12:35,473]   INFO - r.maven.remote.MavenServerImpl - Successfully bound Maven Server to name: [teamcity-mavenServer] 
[2022-12-03 11:12:35,535]   INFO - r.maven.remote.MavenServerImpl - using name of running JVM: [270@90245fb82623] 
[2022-12-03 11:12:35,536]   INFO - r.maven.remote.MavenServerImpl - Printed following string to output: [270/57492] 
[2022-12-03 13:24:08,942]   INFO - r.maven.remote.MavenServerImpl - Shutting down. Reason [MavenEmbedderFactory shutdown called in thread [TC: 13:24:08 Processing 112 listeners for serverShutdown; 13:24:08 Stage: TeamCity server is shutting down; TeamCity Server (version 2021.1 build 92597 started 2022-12-03 11:11:55.056), node id: MAIN_SERVER]] 
[2022-12-03 13:24:08,944]   INFO - r.maven.remote.MavenServerImpl - Shutdown sequence complete 
[2022-12-03 13:24:08,946]   INFO - r.maven.remote.MavenServerImpl - The JVM is shutting down. 
[2022-12-03 13:37:01,551]   INFO - r.maven.remote.MavenServerImpl - Starting maven server with following arguments: [teamcity-mavenServer] 
[2022-12-03 13:37:01,596]   INFO - r.maven.remote.MavenServerImpl - Successfully created registry using port [55730] 
[2022-12-03 13:37:01,597]   INFO - r.maven.remote.MavenServerImpl - Successfully bound Maven Server to name: [teamcity-mavenServer] 
[2022-12-03 13:37:01,603]   INFO - r.maven.remote.MavenServerImpl - using name of running JVM: [318@31fe37239a8e] 
[2022-12-03 13:37:01,604]   INFO - r.maven.remote.MavenServerImpl - Printed following string to output: [318/55730] 
[2022-12-03 14:53:25,790]   INFO - r.maven.remote.MavenServerImpl - Shutting down. Reason [MavenEmbedderFactory shutdown called in thread [TC: 14:53:23 Processing 116 listeners for serverShutdown; 14:53:23 Stage: TeamCity server is shutting down; TeamCity Server (version 2022.10 build 116751 started 2022-12-03 13:35:23.818), node id: MAIN_SERVER]] 
[2022-12-03 14:53:25,791]   INFO - r.maven.remote.MavenServerImpl - Shutdown sequence complete 
[2022-12-03 14:53:25,792]   INFO - r.maven.remote.MavenServerImpl - The JVM is shutting down. 
[2022-12-03 14:54:15,347]   INFO - r.maven.remote.MavenServerImpl - Starting maven server with following arguments: [teamcity-mavenServer] 
[2022-12-03 14:54:15,426]   INFO - r.maven.remote.MavenServerImpl - Successfully created registry using port [53373] 
[2022-12-03 14:54:15,428]   INFO - r.maven.remote.MavenServerImpl - Successfully bound Maven Server to name: [teamcity-mavenServer] 
[2022-12-03 14:54:15,439]   INFO - r.maven.remote.MavenServerImpl - using name of running JVM: [295@1d6bdfd63b7b] 
[2022-12-03 14:54:15,441]   INFO - r.maven.remote.MavenServerImpl - Printed following string to output: [295/53373] 
[2022-12-03 15:14:35,053]   INFO - r.maven.remote.MavenServerImpl - Shutting down. Reason [MavenEmbedderFactory shutdown called in thread [TC: 15:14:33 Processing 116 listeners for serverShutdown; 15:14:33 Stage: TeamCity server is shutting down; TeamCity Server (version 2022.10 build 116751 started 2022-12-03 14:53:36.282), node id: MAIN_SERVER]] 
[2022-12-03 15:14:35,054]   INFO - r.maven.remote.MavenServerImpl - Shutdown sequence complete 
[2022-12-03 15:14:35,055]   INFO - r.maven.remote.MavenServerImpl - The JVM is shutting down. 
[2022-12-04 08:39:04,085]   INFO - r.maven.remote.MavenServerImpl - Starting maven server with following arguments: [teamcity-mavenServer] 
[2022-12-04 08:39:04,160]   INFO - r.maven.remote.MavenServerImpl - Successfully created registry using port [51450] 
[2022-12-04 08:39:04,161]   INFO - r.maven.remote.MavenServerImpl - Successfully bound Maven Server to name: [teamcity-mavenServer] 
[2022-12-04 08:39:04,171]   INFO - r.maven.remote.MavenServerImpl - using name of running JVM: [307@a8824dde378c] 
[2022-12-04 08:39:04,172]   INFO - r.maven.remote.MavenServerImpl - Printed following string to output: [307/51450] 
